Using pre-set license
Built from '2020.2/release' branch; Version is '2020.2.1f1 (270dd8c3da1c) revision 2559448'; Using compiler version '192528614'; Build Type 'Release'
OS: 'Windows 10  (10.0.0) 64bit' Language: 'fr' Physical Memory: 8075 MB
BatchMode: 1, IsHumanControllingUs: 0, StartBugReporterOnCrash: 0, Is64bit: 1, IsPro: 0

 COMMAND LINE ARGUMENTS:
D:\Dev\UnityVersions\2020.2.1f1\Editor\Unity.exe
-adb2
-batchMode
-noUpm
-name
AssetImportWorker1
-projectPath
D:/Dev/Projets/MineDepthV2
-logFile
Logs/AssetImportWorker1.log
-srvPort
50148
Successfully changed project path to: D:/Dev/Projets/MineDepthV2
D:/Dev/Projets/MineDepthV2
Using Asset Import Pipeline V2.
Refreshing native plugins compatible for Editor in 96.67 ms, found 0 plugins.
Preloading 0 native plugins for Editor in 0.00 ms.
Initialize engine version: 2020.2.1f1 (270dd8c3da1c)
[Subsystems] Discovering subsystems at path D:/Dev/UnityVersions/2020.2.1f1/Editor/Data/Resources/UnitySubsystems
[Subsystems] Discovering subsystems at path D:/Dev/Projets/MineDepthV2/Assets
GfxDevice: creating device client; threaded=0
Direct3D:
    Version:  Direct3D 11.0 [level 11.1]
    Renderer: NVIDIA GeForce GTX 1060 (ID=0x1c20)
    Vendor:   
    VRAM:     6052 MB
    Driver:   30.0.14.7168
Initialize mono
Mono path[0] = 'D:/Dev/UnityVersions/2020.2.1f1/Editor/Data/Managed'
Mono path[1] = 'D:/Dev/UnityVersions/2020.2.1f1/Editor/Data/MonoBleedingEdge/lib/mono/unityjit'
Mono config path = 'D:/Dev/UnityVersions/2020.2.1f1/Editor/Data/MonoBleedingEdge/etc'
Using monoOptions --debugger-agent=transport=dt_socket,embedding=1,server=y,suspend=n,address=127.0.0.1:56032
Begin MonoManager ReloadAssembly
Registering precompiled unity dll's ...
Register platform support module: D:/Dev/UnityVersions/2020.2.1f1/Editor/Data/PlaybackEngines/WindowsStandaloneSupport/UnityEditor.WindowsStandalone.Extensions.dll
Registered in 0.001314 seconds.
Native extension for WindowsStandalone target not found
Refreshing native plugins compatible for Editor in 92.74 ms, found 0 plugins.
Preloading 0 native plugins for Editor in 0.00 ms.
Invoked RoslynAnalysisRunner static constructor.
RoslynAnalysisRunner will not be running.
RoslynAnalysisRunner has terminated.
Mono: successfully reloaded assembly
- Completed reload, in  1.066 seconds
Platform modules already initialized, skipping
Registering precompiled user dll's ...
Registered in 0.001481 seconds.
Begin MonoManager ReloadAssembly
Native extension for WindowsStandalone target not found
Refreshing native plugins compatible for Editor in 108.05 ms, found 0 plugins.
Preloading 0 native plugins for Editor in 0.00 ms.
Invoked RoslynAnalysisRunner static constructor.
RoslynAnalysisRunner will not be running.
RoslynAnalysisRunner has terminated.
Mono: successfully reloaded assembly
- Completed reload, in  2.888 seconds
Platform modules already initialized, skipping
========================================================================
Worker process is ready to serve import requests
Launched and connected shader compiler UnityShaderCompiler.exe after 0.47 seconds
Refreshing native plugins compatible for Editor in 1.03 ms, found 0 plugins.
Preloading 0 native plugins for Editor in 0.00 ms.
Unloading 3589 Unused Serialized files (Serialized files now loaded: 0)
System memory in use before: 285.2 MB.
System memory in use after: 285.4 MB.

Unloading 14 unused Assets to reduce memory usage. Loaded Objects now: 4084.
Total: 4.509200 ms (FindLiveObjects: 0.461200 ms CreateObjectMapping: 0.287500 ms MarkObjects: 3.617300 ms  DeleteObjects: 0.141100 ms)

========================================================================
Received Import Request.
  path: Assets/Models/Boss.fbx
  artifactKey: Guid(0d5528bcde154ed488a1ba3674c7551f) Importer(815301076,1909f56bfc062723c751e8b465ee728b)
Start importing Assets/Models/Boss.fbx using Guid(0d5528bcde154ed488a1ba3674c7551f) Importer(815301076,1909f56bfc062723c751e8b465ee728b)  -> (artifact id: '00000000000000000000000000000000') in 3.572078 seconds
  ERROR: Build asset version error: assets/models/boss.fbx in SourceAssetDB has modification time of '2021-09-15T13:04:32.8241279Z' while content on disk has modification time of '2021-09-15T13:08:55.851559Z'
  Import took 3.582184 seconds .

========================================================================
Received Import Request.
  Time since last request: 0.161395 seconds.
  path: Assets/Models/Boss.fbx
  artifactKey: Guid(0d5528bcde154ed488a1ba3674c7551f) Importer(815301076,1909f56bfc062723c751e8b465ee728b)
Start importing Assets/Models/Boss.fbx using Guid(0d5528bcde154ed488a1ba3674c7551f) Importer(815301076,1909f56bfc062723c751e8b465ee728b)  -> (artifact id: '00000000000000000000000000000000') in 0.398245 seconds
  ERROR: Build asset version error: assets/models/boss.fbx in SourceAssetDB has modification time of '2021-09-15T13:04:32.8241279Z' while content on disk has modification time of '2021-09-15T13:08:55.851559Z'
  Import took 0.406373 seconds .

========================================================================
Received Import Request.
  Time since last request: 0.021099 seconds.
  path: Assets/Models/Boss.fbx
  artifactKey: Guid(0d5528bcde154ed488a1ba3674c7551f) Importer(815301076,1909f56bfc062723c751e8b465ee728b)
Start importing Assets/Models/Boss.fbx using Guid(0d5528bcde154ed488a1ba3674c7551f) Importer(815301076,1909f56bfc062723c751e8b465ee728b)  -> (artifact id: '00000000000000000000000000000000') in 0.362811 seconds
  ERROR: Build asset version error: assets/models/boss.fbx in SourceAssetDB has modification time of '2021-09-15T13:04:32.8241279Z' while content on disk has modification time of '2021-09-15T13:08:55.851559Z'
  Import took 0.371726 seconds .

========================================================================
Received Import Request.
  Time since last request: 0.023232 seconds.
  path: Assets/Models/Boss.fbx
  artifactKey: Guid(0d5528bcde154ed488a1ba3674c7551f) Importer(815301076,1909f56bfc062723c751e8b465ee728b)
Start importing Assets/Models/Boss.fbx using Guid(0d5528bcde154ed488a1ba3674c7551f) Importer(815301076,1909f56bfc062723c751e8b465ee728b)  -> (artifact id: '00000000000000000000000000000000') in 0.343917 seconds
  ERROR: Build asset version error: assets/models/boss.fbx in SourceAssetDB has modification time of '2021-09-15T13:04:32.8241279Z' while content on disk has modification time of '2021-09-15T13:08:55.851559Z'
  Import took 0.352353 seconds .

========================================================================
Received Import Request.
  Time since last request: 0.022905 seconds.
  path: Assets/Models/Boss.fbx
  artifactKey: Guid(0d5528bcde154ed488a1ba3674c7551f) Importer(815301076,1909f56bfc062723c751e8b465ee728b)
Start importing Assets/Models/Boss.fbx using Guid(0d5528bcde154ed488a1ba3674c7551f) Importer(815301076,1909f56bfc062723c751e8b465ee728b)  -> (artifact id: '00000000000000000000000000000000') in 0.344131 seconds
  ERROR: Build asset version error: assets/models/boss.fbx in SourceAssetDB has modification time of '2021-09-15T13:04:32.8241279Z' while content on disk has modification time of '2021-09-15T13:08:55.851559Z'
  Import took 0.351913 seconds .

========================================================================
Received Import Request.
  Time since last request: 0.013851 seconds.
  path: Assets/Models/Boss.fbx
  artifactKey: Guid(0d5528bcde154ed488a1ba3674c7551f) Importer(815301076,1909f56bfc062723c751e8b465ee728b)
Start importing Assets/Models/Boss.fbx using Guid(0d5528bcde154ed488a1ba3674c7551f) Importer(815301076,1909f56bfc062723c751e8b465ee728b)  -> (artifact id: '00000000000000000000000000000000') in 0.350474 seconds
  ERROR: Build asset version error: assets/models/boss.fbx in SourceAssetDB has modification time of '2021-09-15T13:04:32.8241279Z' while content on disk has modification time of '2021-09-15T13:08:55.851559Z'
  Import took 0.357735 seconds .

========================================================================
Received Import Request.
  Time since last request: 0.043976 seconds.
  path: Assets/Models/Boss.fbx
  artifactKey: Guid(0d5528bcde154ed488a1ba3674c7551f) Importer(815301076,1909f56bfc062723c751e8b465ee728b)
Start importing Assets/Models/Boss.fbx using Guid(0d5528bcde154ed488a1ba3674c7551f) Importer(815301076,1909f56bfc062723c751e8b465ee728b)  -> (artifact id: '00000000000000000000000000000000') in 0.340774 seconds
  ERROR: Build asset version error: assets/models/boss.fbx in SourceAssetDB has modification time of '2021-09-15T13:04:32.8241279Z' while content on disk has modification time of '2021-09-15T13:08:55.851559Z'
  Import took 0.349101 seconds .

========================================================================
Received Import Request.
  Time since last request: 0.024049 seconds.
  path: Assets/Models/Boss.fbx
  artifactKey: Guid(0d5528bcde154ed488a1ba3674c7551f) Importer(815301076,1909f56bfc062723c751e8b465ee728b)
Start importing Assets/Models/Boss.fbx using Guid(0d5528bcde154ed488a1ba3674c7551f) Importer(815301076,1909f56bfc062723c751e8b465ee728b)  -> (artifact id: '00000000000000000000000000000000') in 0.329193 seconds
  ERROR: Build asset version error: assets/models/boss.fbx in SourceAssetDB has modification time of '2021-09-15T13:04:32.8241279Z' while content on disk has modification time of '2021-09-15T13:08:55.851559Z'
  Import took 0.337687 seconds .

========================================================================
Received Import Request.
  Time since last request: 0.022034 seconds.
  path: Assets/Models/Boss.fbx
  artifactKey: Guid(0d5528bcde154ed488a1ba3674c7551f) Importer(815301076,1909f56bfc062723c751e8b465ee728b)
Start importing Assets/Models/Boss.fbx using Guid(0d5528bcde154ed488a1ba3674c7551f) Importer(815301076,1909f56bfc062723c751e8b465ee728b)  -> (artifact id: '00000000000000000000000000000000') in 0.351973 seconds
  ERROR: Build asset version error: assets/models/boss.fbx in SourceAssetDB has modification time of '2021-09-15T13:04:32.8241279Z' while content on disk has modification time of '2021-09-15T13:08:55.851559Z'
  Import took 0.359983 seconds .

========================================================================
Received Import Request.
  Time since last request: 0.021876 seconds.
  path: Assets/Models/Boss.fbx
  artifactKey: Guid(0d5528bcde154ed488a1ba3674c7551f) Importer(815301076,1909f56bfc062723c751e8b465ee728b)
Start importing Assets/Models/Boss.fbx using Guid(0d5528bcde154ed488a1ba3674c7551f) Importer(815301076,1909f56bfc062723c751e8b465ee728b)  -> (artifact id: '00000000000000000000000000000000') in 0.327590 seconds
  ERROR: Build asset version error: assets/models/boss.fbx in SourceAssetDB has modification time of '2021-09-15T13:04:32.8241279Z' while content on disk has modification time of '2021-09-15T13:08:55.851559Z'
  Import took 0.335502 seconds .

========================================================================
Received Import Request.
  Time since last request: 0.022040 seconds.
  path: Assets/Models/Boss.fbx
  artifactKey: Guid(0d5528bcde154ed488a1ba3674c7551f) Importer(815301076,1909f56bfc062723c751e8b465ee728b)
Start importing Assets/Models/Boss.fbx using Guid(0d5528bcde154ed488a1ba3674c7551f) Importer(815301076,1909f56bfc062723c751e8b465ee728b)  -> (artifact id: '00000000000000000000000000000000') in 0.335856 seconds
  ERROR: Build asset version error: assets/models/boss.fbx in SourceAssetDB has modification time of '2021-09-15T13:04:32.8241279Z' while content on disk has modification time of '2021-09-15T13:08:55.851559Z'
  Import took 0.343395 seconds .

========================================================================
Received Import Request.
  Time since last request: 0.020720 seconds.
  path: Assets/Models/Boss.fbx
  artifactKey: Guid(0d5528bcde154ed488a1ba3674c7551f) Importer(815301076,1909f56bfc062723c751e8b465ee728b)
Start importing Assets/Models/Boss.fbx using Guid(0d5528bcde154ed488a1ba3674c7551f) Importer(815301076,1909f56bfc062723c751e8b465ee728b)  -> (artifact id: '00000000000000000000000000000000') in 0.423924 seconds
  ERROR: Build asset version error: assets/models/boss.fbx in SourceAssetDB has modification time of '2021-09-15T13:04:32.8241279Z' while content on disk has modification time of '2021-09-15T13:08:55.851559Z'
  Import took 0.431988 seconds .

========================================================================
Received Import Request.
  Time since last request: 0.022668 seconds.
  path: Assets/Models/Boss.fbx
  artifactKey: Guid(0d5528bcde154ed488a1ba3674c7551f) Importer(815301076,1909f56bfc062723c751e8b465ee728b)
Start importing Assets/Models/Boss.fbx using Guid(0d5528bcde154ed488a1ba3674c7551f) Importer(815301076,1909f56bfc062723c751e8b465ee728b)  -> (artifact id: '00000000000000000000000000000000') in 0.372130 seconds
  ERROR: Build asset version error: assets/models/boss.fbx in SourceAssetDB has modification time of '2021-09-15T13:04:32.8241279Z' while content on disk has modification time of '2021-09-15T13:08:55.851559Z'
  Import took 0.381495 seconds .

========================================================================
Received Import Request.
  Time since last request: 0.023415 seconds.
  path: Assets/Models/Boss.fbx
  artifactKey: Guid(0d5528bcde154ed488a1ba3674c7551f) Importer(815301076,1909f56bfc062723c751e8b465ee728b)
Start importing Assets/Models/Boss.fbx using Guid(0d5528bcde154ed488a1ba3674c7551f) Importer(815301076,1909f56bfc062723c751e8b465ee728b)  -> (artifact id: '00000000000000000000000000000000') in 0.340559 seconds
  ERROR: Build asset version error: assets/models/boss.fbx in SourceAssetDB has modification time of '2021-09-15T13:04:32.8241279Z' while content on disk has modification time of '2021-09-15T13:08:55.851559Z'
  Import took 0.349230 seconds .

========================================================================
Received Import Request.
  Time since last request: 0.023301 seconds.
  path: Assets/Models/Boss.fbx
  artifactKey: Guid(0d5528bcde154ed488a1ba3674c7551f) Importer(815301076,1909f56bfc062723c751e8b465ee728b)
Start importing Assets/Models/Boss.fbx using Guid(0d5528bcde154ed488a1ba3674c7551f) Importer(815301076,1909f56bfc062723c751e8b465ee728b)  -> (artifact id: '00000000000000000000000000000000') in 0.329642 seconds
  ERROR: Build asset version error: assets/models/boss.fbx in SourceAssetDB has modification time of '2021-09-15T13:04:32.8241279Z' while content on disk has modification time of '2021-09-15T13:08:55.851559Z'
  Import took 0.337414 seconds .

========================================================================
Received Import Request.
  Time since last request: 0.023459 seconds.
  path: Assets/Models/Boss.fbx
  artifactKey: Guid(0d5528bcde154ed488a1ba3674c7551f) Importer(815301076,1909f56bfc062723c751e8b465ee728b)
Start importing Assets/Models/Boss.fbx using Guid(0d5528bcde154ed488a1ba3674c7551f) Importer(815301076,1909f56bfc062723c751e8b465ee728b)  -> (artifact id: '00000000000000000000000000000000') in 0.383891 seconds
  ERROR: Build asset version error: assets/models/boss.fbx in SourceAssetDB has modification time of '2021-09-15T13:04:32.8241279Z' while content on disk has modification time of '2021-09-15T13:08:55.851559Z'
  Import took 0.393533 seconds .

========================================================================
Received Import Request.
  Time since last request: 0.024284 seconds.
  path: Assets/Models/Boss.fbx
  artifactKey: Guid(0d5528bcde154ed488a1ba3674c7551f) Importer(815301076,1909f56bfc062723c751e8b465ee728b)
Start importing Assets/Models/Boss.fbx using Guid(0d5528bcde154ed488a1ba3674c7551f) Importer(815301076,1909f56bfc062723c751e8b465ee728b)  -> (artifact id: '00000000000000000000000000000000') in 0.332303 seconds
  ERROR: Build asset version error: assets/models/boss.fbx in SourceAssetDB has modification time of '2021-09-15T13:04:32.8241279Z' while content on disk has modification time of '2021-09-15T13:08:55.851559Z'
  Import took 0.340166 seconds .

========================================================================
Received Import Request.
  Time since last request: 0.022031 seconds.
  path: Assets/Models/Boss.fbx
  artifactKey: Guid(0d5528bcde154ed488a1ba3674c7551f) Importer(815301076,1909f56bfc062723c751e8b465ee728b)
Start importing Assets/Models/Boss.fbx using Guid(0d5528bcde154ed488a1ba3674c7551f) Importer(815301076,1909f56bfc062723c751e8b465ee728b)  -> (artifact id: '00000000000000000000000000000000') in 0.334663 seconds
  ERROR: Build asset version error: assets/models/boss.fbx in SourceAssetDB has modification time of '2021-09-15T13:04:32.8241279Z' while content on disk has modification time of '2021-09-15T13:08:55.851559Z'
  Import took 0.342670 seconds .

========================================================================
Received Import Request.
  Time since last request: 0.010246 seconds.
  path: Assets/Models/Boss.fbx
  artifactKey: Guid(0d5528bcde154ed488a1ba3674c7551f) Importer(815301076,1909f56bfc062723c751e8b465ee728b)
Start importing Assets/Models/Boss.fbx using Guid(0d5528bcde154ed488a1ba3674c7551f) Importer(815301076,1909f56bfc062723c751e8b465ee728b)  -> (artifact id: '00000000000000000000000000000000') in 0.349247 seconds
  ERROR: Build asset version error: assets/models/boss.fbx in SourceAssetDB has modification time of '2021-09-15T13:04:32.8241279Z' while content on disk has modification time of '2021-09-15T13:08:55.851559Z'
  Import took 0.356656 seconds .

========================================================================
Received Import Request.
  Time since last request: 0.040496 seconds.
  path: Assets/Models/Boss.fbx
  artifactKey: Guid(0d5528bcde154ed488a1ba3674c7551f) Importer(815301076,1909f56bfc062723c751e8b465ee728b)
Start importing Assets/Models/Boss.fbx using Guid(0d5528bcde154ed488a1ba3674c7551f) Importer(815301076,1909f56bfc062723c751e8b465ee728b)  -> (artifact id: '00000000000000000000000000000000') in 0.355844 seconds
  ERROR: Build asset version error: assets/models/boss.fbx in SourceAssetDB has modification time of '2021-09-15T13:04:32.8241279Z' while content on disk has modification time of '2021-09-15T13:08:55.851559Z'
  Import took 0.363599 seconds .

========================================================================
Received Import Request.
  Time since last request: 0.023037 seconds.
  path: Assets/Models/Boss.fbx
  artifactKey: Guid(0d5528bcde154ed488a1ba3674c7551f) Importer(815301076,1909f56bfc062723c751e8b465ee728b)
Start importing Assets/Models/Boss.fbx using Guid(0d5528bcde154ed488a1ba3674c7551f) Importer(815301076,1909f56bfc062723c751e8b465ee728b)  -> (artifact id: '00000000000000000000000000000000') in 0.343037 seconds
  ERROR: Build asset version error: assets/models/boss.fbx in SourceAssetDB has modification time of '2021-09-15T13:04:32.8241279Z' while content on disk has modification time of '2021-09-15T13:08:55.851559Z'
  Import took 0.351680 seconds .

========================================================================
Received Import Request.
  Time since last request: 0.023444 seconds.
  path: Assets/Models/Boss.fbx
  artifactKey: Guid(0d5528bcde154ed488a1ba3674c7551f) Importer(815301076,1909f56bfc062723c751e8b465ee728b)
Start importing Assets/Models/Boss.fbx using Guid(0d5528bcde154ed488a1ba3674c7551f) Importer(815301076,1909f56bfc062723c751e8b465ee728b)  -> (artifact id: '00000000000000000000000000000000') in 0.344747 seconds
  ERROR: Build asset version error: assets/models/boss.fbx in SourceAssetDB has modification time of '2021-09-15T13:04:32.8241279Z' while content on disk has modification time of '2021-09-15T13:08:55.851559Z'
  Import took 0.354622 seconds .

========================================================================
Received Import Request.
  Time since last request: 0.022934 seconds.
  path: Assets/Models/Boss.fbx
  artifactKey: Guid(0d5528bcde154ed488a1ba3674c7551f) Importer(815301076,1909f56bfc062723c751e8b465ee728b)
Start importing Assets/Models/Boss.fbx using Guid(0d5528bcde154ed488a1ba3674c7551f) Importer(815301076,1909f56bfc062723c751e8b465ee728b)  -> (artifact id: '00000000000000000000000000000000') in 0.354579 seconds
  ERROR: Build asset version error: assets/models/boss.fbx in SourceAssetDB has modification time of '2021-09-15T13:04:32.8241279Z' while content on disk has modification time of '2021-09-15T13:08:55.851559Z'
  Import took 0.363069 seconds .

========================================================================
Received Import Request.
  Time since last request: 0.022224 seconds.
  path: Assets/Models/Boss.fbx
  artifactKey: Guid(0d5528bcde154ed488a1ba3674c7551f) Importer(815301076,1909f56bfc062723c751e8b465ee728b)
Start importing Assets/Models/Boss.fbx using Guid(0d5528bcde154ed488a1ba3674c7551f) Importer(815301076,1909f56bfc062723c751e8b465ee728b)  -> (artifact id: '00000000000000000000000000000000') in 0.347769 seconds
  ERROR: Build asset version error: assets/models/boss.fbx in SourceAssetDB has modification time of '2021-09-15T13:04:32.8241279Z' while content on disk has modification time of '2021-09-15T13:08:55.851559Z'
  Import took 0.356612 seconds .

========================================================================
Received Import Request.
  Time since last request: 0.021238 seconds.
  path: Assets/Models/Boss.fbx
  artifactKey: Guid(0d5528bcde154ed488a1ba3674c7551f) Importer(815301076,1909f56bfc062723c751e8b465ee728b)
Start importing Assets/Models/Boss.fbx using Guid(0d5528bcde154ed488a1ba3674c7551f) Importer(815301076,1909f56bfc062723c751e8b465ee728b)  -> (artifact id: '00000000000000000000000000000000') in 0.345722 seconds
  ERROR: Build asset version error: assets/models/boss.fbx in SourceAssetDB has modification time of '2021-09-15T13:04:32.8241279Z' while content on disk has modification time of '2021-09-15T13:08:55.851559Z'
  Import took 0.353877 seconds .

========================================================================
Received Import Request.
  Time since last request: 0.021523 seconds.
  path: Assets/Models/Boss.fbx
  artifactKey: Guid(0d5528bcde154ed488a1ba3674c7551f) Importer(815301076,1909f56bfc062723c751e8b465ee728b)
Start importing Assets/Models/Boss.fbx using Guid(0d5528bcde154ed488a1ba3674c7551f) Importer(815301076,1909f56bfc062723c751e8b465ee728b)  -> (artifact id: '00000000000000000000000000000000') in 0.330351 seconds
  ERROR: Build asset version error: assets/models/boss.fbx in SourceAssetDB has modification time of '2021-09-15T13:04:32.8241279Z' while content on disk has modification time of '2021-09-15T13:08:55.851559Z'
  Import took 0.339985 seconds .

========================================================================
Received Import Request.
  Time since last request: 0.043782 seconds.
  path: Assets/Models/Boss.fbx
  artifactKey: Guid(0d5528bcde154ed488a1ba3674c7551f) Importer(815301076,1909f56bfc062723c751e8b465ee728b)
Start importing Assets/Models/Boss.fbx using Guid(0d5528bcde154ed488a1ba3674c7551f) Importer(815301076,1909f56bfc062723c751e8b465ee728b)  -> (artifact id: '00000000000000000000000000000000') in 0.398704 seconds
  ERROR: Build asset version error: assets/models/boss.fbx in SourceAssetDB has modification time of '2021-09-15T13:04:32.8241279Z' while content on disk has modification time of '2021-09-15T13:08:55.851559Z'
  Import took 0.407962 seconds .

========================================================================
Received Import Request.
  Time since last request: 0.020087 seconds.
  path: Assets/Models/Boss.fbx
  artifactKey: Guid(0d5528bcde154ed488a1ba3674c7551f) Importer(815301076,1909f56bfc062723c751e8b465ee728b)
Start importing Assets/Models/Boss.fbx using Guid(0d5528bcde154ed488a1ba3674c7551f) Importer(815301076,1909f56bfc062723c751e8b465ee728b)  -> (artifact id: '00000000000000000000000000000000') in 0.393199 seconds
  ERROR: Build asset version error: assets/models/boss.fbx in SourceAssetDB has modification time of '2021-09-15T13:04:32.8241279Z' while content on disk has modification time of '2021-09-15T13:08:55.851559Z'
  Import took 0.402079 seconds .

========================================================================
Received Import Request.
  Time since last request: 0.020959 seconds.
  path: Assets/Models/Boss.fbx
  artifactKey: Guid(0d5528bcde154ed488a1ba3674c7551f) Importer(815301076,1909f56bfc062723c751e8b465ee728b)
Start importing Assets/Models/Boss.fbx using Guid(0d5528bcde154ed488a1ba3674c7551f) Importer(815301076,1909f56bfc062723c751e8b465ee728b)  -> (artifact id: '00000000000000000000000000000000') in 0.355441 seconds
  ERROR: Build asset version error: assets/models/boss.fbx in SourceAssetDB has modification time of '2021-09-15T13:04:32.8241279Z' while content on disk has modification time of '2021-09-15T13:08:55.851559Z'
  Import took 0.365039 seconds .

========================================================================
Received Import Request.
  Time since last request: 0.022266 seconds.
  path: Assets/Models/Boss.fbx
  artifactKey: Guid(0d5528bcde154ed488a1ba3674c7551f) Importer(815301076,1909f56bfc062723c751e8b465ee728b)
Start importing Assets/Models/Boss.fbx using Guid(0d5528bcde154ed488a1ba3674c7551f) Importer(815301076,1909f56bfc062723c751e8b465ee728b)  -> (artifact id: '00000000000000000000000000000000') in 0.362516 seconds
  ERROR: Build asset version error: assets/models/boss.fbx in SourceAssetDB has modification time of '2021-09-15T13:04:32.8241279Z' while content on disk has modification time of '2021-09-15T13:08:55.851559Z'
  Import took 0.370880 seconds .

========================================================================
Received Import Request.
  Time since last request: 0.023094 seconds.
  path: Assets/Models/Boss.fbx
  artifactKey: Guid(0d5528bcde154ed488a1ba3674c7551f) Importer(815301076,1909f56bfc062723c751e8b465ee728b)
Start importing Assets/Models/Boss.fbx using Guid(0d5528bcde154ed488a1ba3674c7551f) Importer(815301076,1909f56bfc062723c751e8b465ee728b)  -> (artifact id: '00000000000000000000000000000000') in 0.380395 seconds
  ERROR: Build asset version error: assets/models/boss.fbx in SourceAssetDB has modification time of '2021-09-15T13:04:32.8241279Z' while content on disk has modification time of '2021-09-15T13:08:55.851559Z'
  Import took 0.389935 seconds .

========================================================================
Received Import Request.
  Time since last request: 0.021665 seconds.
  path: Assets/Models/Boss.fbx
  artifactKey: Guid(0d5528bcde154ed488a1ba3674c7551f) Importer(815301076,1909f56bfc062723c751e8b465ee728b)
Start importing Assets/Models/Boss.fbx using Guid(0d5528bcde154ed488a1ba3674c7551f) Importer(815301076,1909f56bfc062723c751e8b465ee728b)  -> (artifact id: '00000000000000000000000000000000') in 0.349425 seconds
  ERROR: Build asset version error: assets/models/boss.fbx in SourceAssetDB has modification time of '2021-09-15T13:04:32.8241279Z' while content on disk has modification time of '2021-09-15T13:08:55.851559Z'
  Import took 0.358750 seconds .

========================================================================
Received Import Request.
  Time since last request: 0.021547 seconds.
  path: Assets/Models/Boss.fbx
  artifactKey: Guid(0d5528bcde154ed488a1ba3674c7551f) Importer(815301076,1909f56bfc062723c751e8b465ee728b)
Start importing Assets/Models/Boss.fbx using Guid(0d5528bcde154ed488a1ba3674c7551f) Importer(815301076,1909f56bfc062723c751e8b465ee728b)  -> (artifact id: '00000000000000000000000000000000') in 0.345621 seconds
  ERROR: Build asset version error: assets/models/boss.fbx in SourceAssetDB has modification time of '2021-09-15T13:04:32.8241279Z' while content on disk has modification time of '2021-09-15T13:08:55.851559Z'
  Import took 0.356089 seconds .

========================================================================
Received Import Request.
  Time since last request: 0.024234 seconds.
  path: Assets/Models/Boss.fbx
  artifactKey: Guid(0d5528bcde154ed488a1ba3674c7551f) Importer(815301076,1909f56bfc062723c751e8b465ee728b)
Start importing Assets/Models/Boss.fbx using Guid(0d5528bcde154ed488a1ba3674c7551f) Importer(815301076,1909f56bfc062723c751e8b465ee728b)  -> (artifact id: '00000000000000000000000000000000') in 0.356386 seconds
  ERROR: Build asset version error: assets/models/boss.fbx in SourceAssetDB has modification time of '2021-09-15T13:04:32.8241279Z' while content on disk has modification time of '2021-09-15T13:08:55.851559Z'
  Import took 0.368310 seconds .

========================================================================
Received Import Request.
  Time since last request: 0.021169 seconds.
  path: Assets/Models/Boss.fbx
  artifactKey: Guid(0d5528bcde154ed488a1ba3674c7551f) Importer(815301076,1909f56bfc062723c751e8b465ee728b)
Start importing Assets/Models/Boss.fbx using Guid(0d5528bcde154ed488a1ba3674c7551f) Importer(815301076,1909f56bfc062723c751e8b465ee728b)  -> (artifact id: '00000000000000000000000000000000') in 0.335778 seconds
  ERROR: Build asset version error: assets/models/boss.fbx in SourceAssetDB has modification time of '2021-09-15T13:04:32.8241279Z' while content on disk has modification time of '2021-09-15T13:08:55.851559Z'
  Import took 0.344727 seconds .

========================================================================
Received Import Request.
  Time since last request: 0.020628 seconds.
  path: Assets/Models/Boss.fbx
  artifactKey: Guid(0d5528bcde154ed488a1ba3674c7551f) Importer(815301076,1909f56bfc062723c751e8b465ee728b)
Start importing Assets/Models/Boss.fbx using Guid(0d5528bcde154ed488a1ba3674c7551f) Importer(815301076,1909f56bfc062723c751e8b465ee728b)  -> (artifact id: '00000000000000000000000000000000') in 0.367669 seconds
  ERROR: Build asset version error: assets/models/boss.fbx in SourceAssetDB has modification time of '2021-09-15T13:04:32.8241279Z' while content on disk has modification time of '2021-09-15T13:08:55.851559Z'
  Import took 0.376234 seconds .

========================================================================
Received Import Request.
  Time since last request: 0.021867 seconds.
  path: Assets/Models/Boss.fbx
  artifactKey: Guid(0d5528bcde154ed488a1ba3674c7551f) Importer(815301076,1909f56bfc062723c751e8b465ee728b)
Start importing Assets/Models/Boss.fbx using Guid(0d5528bcde154ed488a1ba3674c7551f) Importer(815301076,1909f56bfc062723c751e8b465ee728b)  -> (artifact id: '00000000000000000000000000000000') in 0.324783 seconds
  ERROR: Build asset version error: assets/models/boss.fbx in SourceAssetDB has modification time of '2021-09-15T13:04:32.8241279Z' while content on disk has modification time of '2021-09-15T13:08:55.851559Z'
  Import took 0.333588 seconds .

========================================================================
Received Import Request.
  Time since last request: 0.040920 seconds.
  path: Assets/Models/Boss.fbx
  artifactKey: Guid(0d5528bcde154ed488a1ba3674c7551f) Importer(815301076,1909f56bfc062723c751e8b465ee728b)
Start importing Assets/Models/Boss.fbx using Guid(0d5528bcde154ed488a1ba3674c7551f) Importer(815301076,1909f56bfc062723c751e8b465ee728b)  -> (artifact id: '00000000000000000000000000000000') in 0.388697 seconds
  ERROR: Build asset version error: assets/models/boss.fbx in SourceAssetDB has modification time of '2021-09-15T13:04:32.8241279Z' while content on disk has modification time of '2021-09-15T13:08:55.851559Z'
  Import took 0.398123 seconds .

========================================================================
Received Import Request.
  Time since last request: 0.023476 seconds.
  path: Assets/Models/Boss.fbx
  artifactKey: Guid(0d5528bcde154ed488a1ba3674c7551f) Importer(815301076,1909f56bfc062723c751e8b465ee728b)
Start importing Assets/Models/Boss.fbx using Guid(0d5528bcde154ed488a1ba3674c7551f) Importer(815301076,1909f56bfc062723c751e8b465ee728b)  -> (artifact id: '00000000000000000000000000000000') in 0.363127 seconds
  ERROR: Build asset version error: assets/models/boss.fbx in SourceAssetDB has modification time of '2021-09-15T13:04:32.8241279Z' while content on disk has modification time of '2021-09-15T13:08:55.851559Z'
  Import took 0.372160 seconds .

========================================================================
Received Import Request.
  Time since last request: 0.023410 seconds.
  path: Assets/Models/Boss.fbx
  artifactKey: Guid(0d5528bcde154ed488a1ba3674c7551f) Importer(815301076,1909f56bfc062723c751e8b465ee728b)
Start importing Assets/Models/Boss.fbx using Guid(0d5528bcde154ed488a1ba3674c7551f) Importer(815301076,1909f56bfc062723c751e8b465ee728b)  -> (artifact id: '00000000000000000000000000000000') in 0.386841 seconds
  ERROR: Build asset version error: assets/models/boss.fbx in SourceAssetDB has modification time of '2021-09-15T13:04:32.8241279Z' while content on disk has modification time of '2021-09-15T13:08:55.851559Z'
  Import took 0.397792 seconds .

========================================================================
Received Import Request.
  Time since last request: 0.027931 seconds.
  path: Assets/Models/Boss.fbx
  artifactKey: Guid(0d5528bcde154ed488a1ba3674c7551f) Importer(815301076,1909f56bfc062723c751e8b465ee728b)
Start importing Assets/Models/Boss.fbx using Guid(0d5528bcde154ed488a1ba3674c7551f) Importer(815301076,1909f56bfc062723c751e8b465ee728b)  -> (artifact id: '00000000000000000000000000000000') in 0.357567 seconds
  ERROR: Build asset version error: assets/models/boss.fbx in SourceAssetDB has modification time of '2021-09-15T13:04:32.8241279Z' while content on disk has modification time of '2021-09-15T13:08:55.851559Z'
  Import took 0.365839 seconds .

========================================================================
Received Import Request.
  Time since last request: 0.023293 seconds.
  path: Assets/Models/Boss.fbx
  artifactKey: Guid(0d5528bcde154ed488a1ba3674c7551f) Importer(815301076,1909f56bfc062723c751e8b465ee728b)
Start importing Assets/Models/Boss.fbx using Guid(0d5528bcde154ed488a1ba3674c7551f) Importer(815301076,1909f56bfc062723c751e8b465ee728b)  -> (artifact id: '00000000000000000000000000000000') in 0.418952 seconds
  ERROR: Build asset version error: assets/models/boss.fbx in SourceAssetDB has modification time of '2021-09-15T13:04:32.8241279Z' while content on disk has modification time of '2021-09-15T13:08:55.851559Z'
  Import took 0.430367 seconds .

========================================================================
Received Import Request.
  Time since last request: 0.026587 seconds.
  path: Assets/Models/Boss.fbx
  artifactKey: Guid(0d5528bcde154ed488a1ba3674c7551f) Importer(815301076,1909f56bfc062723c751e8b465ee728b)
Start importing Assets/Models/Boss.fbx using Guid(0d5528bcde154ed488a1ba3674c7551f) Importer(815301076,1909f56bfc062723c751e8b465ee728b)  -> (artifact id: '00000000000000000000000000000000') in 0.392256 seconds
  ERROR: Build asset version error: assets/models/boss.fbx in SourceAssetDB has modification time of '2021-09-15T13:04:32.8241279Z' while content on disk has modification time of '2021-09-15T13:08:55.851559Z'
  Import took 0.413997 seconds .

========================================================================
Received Import Request.
  Time since last request: 0.022463 seconds.
  path: Assets/Models/Boss.fbx
  artifactKey: Guid(0d5528bcde154ed488a1ba3674c7551f) Importer(815301076,1909f56bfc062723c751e8b465ee728b)
Start importing Assets/Models/Boss.fbx using Guid(0d5528bcde154ed488a1ba3674c7551f) Importer(815301076,1909f56bfc062723c751e8b465ee728b)  -> (artifact id: '00000000000000000000000000000000') in 0.331070 seconds
  ERROR: Build asset version error: assets/models/boss.fbx in SourceAssetDB has modification time of '2021-09-15T13:04:32.8241279Z' while content on disk has modification time of '2021-09-15T13:08:55.851559Z'
  Import took 0.340041 seconds .

========================================================================
Received Import Request.
  Time since last request: 0.022303 seconds.
  path: Assets/Models/Boss.fbx
  artifactKey: Guid(0d5528bcde154ed488a1ba3674c7551f) Importer(815301076,1909f56bfc062723c751e8b465ee728b)
Start importing Assets/Models/Boss.fbx using Guid(0d5528bcde154ed488a1ba3674c7551f) Importer(815301076,1909f56bfc062723c751e8b465ee728b)  -> (artifact id: '00000000000000000000000000000000') in 0.355260 seconds
  ERROR: Build asset version error: assets/models/boss.fbx in SourceAssetDB has modification time of '2021-09-15T13:04:32.8241279Z' while content on disk has modification time of '2021-09-15T13:08:55.851559Z'
  Import took 0.365631 seconds .

========================================================================
Received Import Request.
  Time since last request: 0.025407 seconds.
  path: Assets/Models/Boss.fbx
  artifactKey: Guid(0d5528bcde154ed488a1ba3674c7551f) Importer(815301076,1909f56bfc062723c751e8b465ee728b)
Start importing Assets/Models/Boss.fbx using Guid(0d5528bcde154ed488a1ba3674c7551f) Importer(815301076,1909f56bfc062723c751e8b465ee728b)  -> (artifact id: '00000000000000000000000000000000') in 0.344611 seconds
  ERROR: Build asset version error: assets/models/boss.fbx in SourceAssetDB has modification time of '2021-09-15T13:04:32.8241279Z' while content on disk has modification time of '2021-09-15T13:08:55.851559Z'
  Import took 0.361534 seconds .

========================================================================
Received Import Request.
  Time since last request: 0.021986 seconds.
  path: Assets/Models/Boss.fbx
  artifactKey: Guid(0d5528bcde154ed488a1ba3674c7551f) Importer(815301076,1909f56bfc062723c751e8b465ee728b)
Start importing Assets/Models/Boss.fbx using Guid(0d5528bcde154ed488a1ba3674c7551f) Importer(815301076,1909f56bfc062723c751e8b465ee728b)  -> (artifact id: '00000000000000000000000000000000') in 0.347774 seconds
  ERROR: Build asset version error: assets/models/boss.fbx in SourceAssetDB has modification time of '2021-09-15T13:04:32.8241279Z' while content on disk has modification time of '2021-09-15T13:08:55.851559Z'
  Import took 0.357382 seconds .

========================================================================
Received Import Request.
  Time since last request: 0.042234 seconds.
  path: Assets/Models/Boss.fbx
  artifactKey: Guid(0d5528bcde154ed488a1ba3674c7551f) Importer(815301076,1909f56bfc062723c751e8b465ee728b)
Start importing Assets/Models/Boss.fbx using Guid(0d5528bcde154ed488a1ba3674c7551f) Importer(815301076,1909f56bfc062723c751e8b465ee728b)  -> (artifact id: '00000000000000000000000000000000') in 0.327083 seconds
  ERROR: Build asset version error: assets/models/boss.fbx in SourceAssetDB has modification time of '2021-09-15T13:04:32.8241279Z' while content on disk has modification time of '2021-09-15T13:08:55.851559Z'
  Import took 0.338899 seconds .

========================================================================
Received Import Request.
  Time since last request: 0.005548 seconds.
  path: Assets/Models/Boss.fbx
  artifactKey: Guid(0d5528bcde154ed488a1ba3674c7551f) Importer(815301076,1909f56bfc062723c751e8b465ee728b)
Start importing Assets/Models/Boss.fbx using Guid(0d5528bcde154ed488a1ba3674c7551f) Importer(815301076,1909f56bfc062723c751e8b465ee728b)  -> (artifact id: '00000000000000000000000000000000') in 0.348297 seconds
  ERROR: Build asset version error: assets/models/boss.fbx in SourceAssetDB has modification time of '2021-09-15T13:04:32.8241279Z' while content on disk has modification time of '2021-09-15T13:08:55.851559Z'
  Import took 0.356704 seconds .

========================================================================
Received Import Request.
  Time since last request: 0.021626 seconds.
  path: Assets/Models/Boss.fbx
  artifactKey: Guid(0d5528bcde154ed488a1ba3674c7551f) Importer(815301076,1909f56bfc062723c751e8b465ee728b)
Start importing Assets/Models/Boss.fbx using Guid(0d5528bcde154ed488a1ba3674c7551f) Importer(815301076,1909f56bfc062723c751e8b465ee728b)  -> (artifact id: '00000000000000000000000000000000') in 0.363104 seconds
  ERROR: Build asset version error: assets/models/boss.fbx in SourceAssetDB has modification time of '2021-09-15T13:04:32.8241279Z' while content on disk has modification time of '2021-09-15T13:08:55.851559Z'
  Import took 0.372652 seconds .

========================================================================
Received Import Request.
  Time since last request: 0.022228 seconds.
  path: Assets/Models/Boss.fbx
  artifactKey: Guid(0d5528bcde154ed488a1ba3674c7551f) Importer(815301076,1909f56bfc062723c751e8b465ee728b)
Start importing Assets/Models/Boss.fbx using Guid(0d5528bcde154ed488a1ba3674c7551f) Importer(815301076,1909f56bfc062723c751e8b465ee728b)  -> (artifact id: '00000000000000000000000000000000') in 0.332407 seconds
  ERROR: Build asset version error: assets/models/boss.fbx in SourceAssetDB has modification time of '2021-09-15T13:04:32.8241279Z' while content on disk has modification time of '2021-09-15T13:08:55.851559Z'
  Import took 0.341037 seconds .

========================================================================
Received Import Request.
  Time since last request: 0.024035 seconds.
  path: Assets/Models/Boss.fbx
  artifactKey: Guid(0d5528bcde154ed488a1ba3674c7551f) Importer(815301076,1909f56bfc062723c751e8b465ee728b)
Start importing Assets/Models/Boss.fbx using Guid(0d5528bcde154ed488a1ba3674c7551f) Importer(815301076,1909f56bfc062723c751e8b465ee728b)  -> (artifact id: '00000000000000000000000000000000') in 0.363095 seconds
  ERROR: Build asset version error: assets/models/boss.fbx in SourceAssetDB has modification time of '2021-09-15T13:04:32.8241279Z' while content on disk has modification time of '2021-09-15T13:08:55.851559Z'
  Import took 0.374352 seconds .

========================================================================
Received Import Request.
  Time since last request: 0.022736 seconds.
  path: Assets/Models/Boss.fbx
  artifactKey: Guid(0d5528bcde154ed488a1ba3674c7551f) Importer(815301076,1909f56bfc062723c751e8b465ee728b)
Start importing Assets/Models/Boss.fbx using Guid(0d5528bcde154ed488a1ba3674c7551f) Importer(815301076,1909f56bfc062723c751e8b465ee728b)  -> (artifact id: '00000000000000000000000000000000') in 0.380357 seconds
  ERROR: Build asset version error: assets/models/boss.fbx in SourceAssetDB has modification time of '2021-09-15T13:04:32.8241279Z' while content on disk has modification time of '2021-09-15T13:08:55.851559Z'
  Import took 0.390006 seconds .

========================================================================
Received Import Request.
  Time since last request: 0.022451 seconds.
  path: Assets/Models/Boss.fbx
  artifactKey: Guid(0d5528bcde154ed488a1ba3674c7551f) Importer(815301076,1909f56bfc062723c751e8b465ee728b)
Start importing Assets/Models/Boss.fbx using Guid(0d5528bcde154ed488a1ba3674c7551f) Importer(815301076,1909f56bfc062723c751e8b465ee728b)  -> (artifact id: '00000000000000000000000000000000') in 0.340137 seconds
  ERROR: Build asset version error: assets/models/boss.fbx in SourceAssetDB has modification time of '2021-09-15T13:04:32.8241279Z' while content on disk has modification time of '2021-09-15T13:08:55.851559Z'
  Import took 0.350191 seconds .

========================================================================
Received Import Request.
  Time since last request: 0.020505 seconds.
  path: Assets/Models/Boss.fbx
  artifactKey: Guid(0d5528bcde154ed488a1ba3674c7551f) Importer(815301076,1909f56bfc062723c751e8b465ee728b)
Start importing Assets/Models/Boss.fbx using Guid(0d5528bcde154ed488a1ba3674c7551f) Importer(815301076,1909f56bfc062723c751e8b465ee728b)  -> (artifact id: '00000000000000000000000000000000') in 0.349587 seconds
  ERROR: Build asset version error: assets/models/boss.fbx in SourceAssetDB has modification time of '2021-09-15T13:04:32.8241279Z' while content on disk has modification time of '2021-09-15T13:08:55.851559Z'
  Import took 0.361073 seconds .

========================================================================
Received Import Request.
  Time since last request: 0.022053 seconds.
  path: Assets/Models/Boss.fbx
  artifactKey: Guid(0d5528bcde154ed488a1ba3674c7551f) Importer(815301076,1909f56bfc062723c751e8b465ee728b)
Start importing Assets/Models/Boss.fbx using Guid(0d5528bcde154ed488a1ba3674c7551f) Importer(815301076,1909f56bfc062723c751e8b465ee728b)  -> (artifact id: '00000000000000000000000000000000') in 0.392513 seconds
  ERROR: Build asset version error: assets/models/boss.fbx in SourceAssetDB has modification time of '2021-09-15T13:04:32.8241279Z' while content on disk has modification time of '2021-09-15T13:08:55.851559Z'
  Import took 0.403131 seconds .

========================================================================
Received Import Request.
  Time since last request: 0.021029 seconds.
  path: Assets/Models/Boss.fbx
  artifactKey: Guid(0d5528bcde154ed488a1ba3674c7551f) Importer(815301076,1909f56bfc062723c751e8b465ee728b)
Start importing Assets/Models/Boss.fbx using Guid(0d5528bcde154ed488a1ba3674c7551f) Importer(815301076,1909f56bfc062723c751e8b465ee728b)  -> (artifact id: '00000000000000000000000000000000') in 0.348610 seconds
  ERROR: Build asset version error: assets/models/boss.fbx in SourceAssetDB has modification time of '2021-09-15T13:04:32.8241279Z' while content on disk has modification time of '2021-09-15T13:08:55.851559Z'
  Import took 0.358424 seconds .

========================================================================
Received Import Request.
  Time since last request: 0.040839 seconds.
  path: Assets/Models/Boss.fbx
  artifactKey: Guid(0d5528bcde154ed488a1ba3674c7551f) Importer(815301076,1909f56bfc062723c751e8b465ee728b)
Start importing Assets/Models/Boss.fbx using Guid(0d5528bcde154ed488a1ba3674c7551f) Importer(815301076,1909f56bfc062723c751e8b465ee728b)  -> (artifact id: '00000000000000000000000000000000') in 0.339882 seconds
  ERROR: Build asset version error: assets/models/boss.fbx in SourceAssetDB has modification time of '2021-09-15T13:04:32.8241279Z' while content on disk has modification time of '2021-09-15T13:08:55.851559Z'
  Import took 0.349006 seconds .

========================================================================
Received Import Request.
  Time since last request: 0.023333 seconds.
  path: Assets/Models/Boss.fbx
  artifactKey: Guid(0d5528bcde154ed488a1ba3674c7551f) Importer(815301076,1909f56bfc062723c751e8b465ee728b)
Start importing Assets/Models/Boss.fbx using Guid(0d5528bcde154ed488a1ba3674c7551f) Importer(815301076,1909f56bfc062723c751e8b465ee728b)  -> (artifact id: '00000000000000000000000000000000') in 0.334250 seconds
  ERROR: Build asset version error: assets/models/boss.fbx in SourceAssetDB has modification time of '2021-09-15T13:04:32.8241279Z' while content on disk has modification time of '2021-09-15T13:08:55.851559Z'
  Import took 0.344117 seconds .

========================================================================
Received Import Request.
  Time since last request: 0.020707 seconds.
  path: Assets/Models/Boss.fbx
  artifactKey: Guid(0d5528bcde154ed488a1ba3674c7551f) Importer(815301076,1909f56bfc062723c751e8b465ee728b)
Start importing Assets/Models/Boss.fbx using Guid(0d5528bcde154ed488a1ba3674c7551f) Importer(815301076,1909f56bfc062723c751e8b465ee728b)  -> (artifact id: '00000000000000000000000000000000') in 0.346774 seconds
  ERROR: Build asset version error: assets/models/boss.fbx in SourceAssetDB has modification time of '2021-09-15T13:04:32.8241279Z' while content on disk has modification time of '2021-09-15T13:08:55.851559Z'
  Import took 0.355859 seconds .

========================================================================
Received Import Request.
  Time since last request: 0.024102 seconds.
  path: Assets/Models/Boss.fbx
  artifactKey: Guid(0d5528bcde154ed488a1ba3674c7551f) Importer(815301076,1909f56bfc062723c751e8b465ee728b)
Start importing Assets/Models/Boss.fbx using Guid(0d5528bcde154ed488a1ba3674c7551f) Importer(815301076,1909f56bfc062723c751e8b465ee728b)  -> (artifact id: '00000000000000000000000000000000') in 0.352903 seconds
  ERROR: Build asset version error: assets/models/boss.fbx in SourceAssetDB has modification time of '2021-09-15T13:04:32.8241279Z' while content on disk has modification time of '2021-09-15T13:08:55.851559Z'
  Import took 0.361807 seconds .

========================================================================
Received Import Request.
  Time since last request: 0.023733 seconds.
  path: Assets/Models/Boss.fbx
  artifactKey: Guid(0d5528bcde154ed488a1ba3674c7551f) Importer(815301076,1909f56bfc062723c751e8b465ee728b)
Start importing Assets/Models/Boss.fbx using Guid(0d5528bcde154ed488a1ba3674c7551f) Importer(815301076,1909f56bfc062723c751e8b465ee728b)  -> (artifact id: '00000000000000000000000000000000') in 0.352336 seconds
  ERROR: Build asset version error: assets/models/boss.fbx in SourceAssetDB has modification time of '2021-09-15T13:04:32.8241279Z' while content on disk has modification time of '2021-09-15T13:08:55.851559Z'
  Import took 0.362451 seconds .

========================================================================
Received Import Request.
  Time since last request: 0.024512 seconds.
  path: Assets/Models/Boss.fbx
  artifactKey: Guid(0d5528bcde154ed488a1ba3674c7551f) Importer(815301076,1909f56bfc062723c751e8b465ee728b)
Start importing Assets/Models/Boss.fbx using Guid(0d5528bcde154ed488a1ba3674c7551f) Importer(815301076,1909f56bfc062723c751e8b465ee728b)  -> (artifact id: '00000000000000000000000000000000') in 0.343777 seconds
  ERROR: Build asset version error: assets/models/boss.fbx in SourceAssetDB has modification time of '2021-09-15T13:04:32.8241279Z' while content on disk has modification time of '2021-09-15T13:08:55.851559Z'
  Import took 0.353361 seconds .

========================================================================
Received Import Request.
  Time since last request: 0.021908 seconds.
  path: Assets/Models/Boss.fbx
  artifactKey: Guid(0d5528bcde154ed488a1ba3674c7551f) Importer(815301076,1909f56bfc062723c751e8b465ee728b)
Start importing Assets/Models/Boss.fbx using Guid(0d5528bcde154ed488a1ba3674c7551f) Importer(815301076,1909f56bfc062723c751e8b465ee728b)  -> (artifact id: '00000000000000000000000000000000') in 0.529295 seconds
  ERROR: Build asset version error: assets/models/boss.fbx in SourceAssetDB has modification time of '2021-09-15T13:04:32.8241279Z' while content on disk has modification time of '2021-09-15T13:08:55.851559Z'
  Import took 0.539779 seconds .

========================================================================
Received Import Request.
  Time since last request: 0.035235 seconds.
  path: Assets/Models/Boss.fbx
  artifactKey: Guid(0d5528bcde154ed488a1ba3674c7551f) Importer(815301076,1909f56bfc062723c751e8b465ee728b)
Start importing Assets/Models/Boss.fbx using Guid(0d5528bcde154ed488a1ba3674c7551f) Importer(815301076,1909f56bfc062723c751e8b465ee728b)  -> (artifact id: 'bf19633223c1c3cdb906df5e59a69f1e') in 0.528844 seconds
  Import took 0.766308 seconds .

========================================================================
Received Import Request.
  Time since last request: 1.637044 seconds.
  path: Assets/Models/Boss.fbx
  artifactKey: Guid(0d5528bcde154ed488a1ba3674c7551f) Importer(815301076,1909f56bfc062723c751e8b465ee728b)
Start importing Assets/Models/Boss.fbx using Guid(0d5528bcde154ed488a1ba3674c7551f) Importer(815301076,1909f56bfc062723c751e8b465ee728b)  -> (artifact id: 'c686b13a2ea9495d6a3b9049ed32f275') in 0.365195 seconds
  Import took 0.426027 seconds .

========================================================================
Received Import Request.
  Time since last request: 65.741488 seconds.
  path: Assets/Models/Boss.fbx
  artifactKey: Guid(0d5528bcde154ed488a1ba3674c7551f) Importer(815301076,1909f56bfc062723c751e8b465ee728b)
Start importing Assets/Models/Boss.fbx using Guid(0d5528bcde154ed488a1ba3674c7551f) Importer(815301076,1909f56bfc062723c751e8b465ee728b)  -> (artifact id: '358afbb15d2e78956f8a34eda60988e6') in 0.412095 seconds
  Import took 0.593113 seconds .

========================================================================
Received Import Request.
  Time since last request: 16.579880 seconds.
  path: Assets/Models/Boss.fbx
  artifactKey: Guid(0d5528bcde154ed488a1ba3674c7551f) Importer(815301076,1909f56bfc062723c751e8b465ee728b)
Start importing Assets/Models/Boss.fbx using Guid(0d5528bcde154ed488a1ba3674c7551f) Importer(815301076,1909f56bfc062723c751e8b465ee728b)  -> (artifact id: '45f48bbdb82b8dc4c790f8b6a0bf8536') in 0.367726 seconds
  Import took 0.400001 seconds .

========================================================================
Received Import Request.
  Time since last request: 440.559115 seconds.
  path: Assets/Models/Boss.fbx
  artifactKey: Guid(0d5528bcde154ed488a1ba3674c7551f) Importer(815301076,1909f56bfc062723c751e8b465ee728b)
Start importing Assets/Models/Boss.fbx using Guid(0d5528bcde154ed488a1ba3674c7551f) Importer(815301076,1909f56bfc062723c751e8b465ee728b)  -> (artifact id: '2bdc6c38d8a87c2e3c85b3d2c5e39ee0') in 0.710680 seconds
  Import took 0.750052 seconds .

========================================================================
Received Import Request.
  Time since last request: 51.184516 seconds.
  path: Assets/Models/Boss.fbx
  artifactKey: Guid(0d5528bcde154ed488a1ba3674c7551f) Importer(815301076,1909f56bfc062723c751e8b465ee728b)
Start importing Assets/Models/Boss.fbx using Guid(0d5528bcde154ed488a1ba3674c7551f) Importer(815301076,1909f56bfc062723c751e8b465ee728b)  -> (artifact id: '3ac11c74d827da3f253151fd1f91a909') in 0.351654 seconds
  Import took 0.378611 seconds .

========================================================================
Received Import Request.
  Time since last request: 243.070048 seconds.
  path: Assets/Models/Boss.fbx
  artifactKey: Guid(0d5528bcde154ed488a1ba3674c7551f) Importer(815301076,1909f56bfc062723c751e8b465ee728b)
Start importing Assets/Models/Boss.fbx using Guid(0d5528bcde154ed488a1ba3674c7551f) Importer(815301076,1909f56bfc062723c751e8b465ee728b)  -> (artifact id: 'a44ff7d43e829faaabd8945316856079') in 0.362223 seconds
  Import took 0.445867 seconds .

========================================================================
Received Import Request.
  Time since last request: 22.731694 seconds.
  path: Assets/Animation/Enemies/Boss00/Boss00.controller
  artifactKey: Guid(a2c8e0da0d4c0a3459baa686d1e233d7) Importer(815301076,1909f56bfc062723c751e8b465ee728b)
Start importing Assets/Animation/Enemies/Boss00/Boss00.controller using Guid(a2c8e0da0d4c0a3459baa686d1e233d7) Importer(815301076,1909f56bfc062723c751e8b465ee728b)  -> (artifact id: 'fe7bd1f1776f10323ed4ee8e8949a61b') in 0.070006 seconds
  Import took 0.112383 seconds .

========================================================================
Received Prepare
Registering precompiled user dll's ...
Registered in 0.004256 seconds.
Begin MonoManager ReloadAssembly
Native extension for WindowsStandalone target not found
Refreshing native plugins compatible for Editor in 0.80 ms, found 0 plugins.
Preloading 0 native plugins for Editor in 0.00 ms.
Invoked RoslynAnalysisRunner static constructor.
RoslynAnalysisRunner will not be running.
RoslynAnalysisRunner has terminated.
Mono: successfully reloaded assembly
- Completed reload, in  2.647 seconds
Platform modules already initialized, skipping
Refreshing native plugins compatible for Editor in 0.90 ms, found 0 plugins.
Preloading 0 native plugins for Editor in 0.00 ms.
Unloading 3275 Unused Serialized files (Serialized files now loaded: 0)
System memory in use before: 286.7 MB.
System memory in use after: 287.0 MB.

Unloading 6 unused Assets to reduce memory usage. Loaded Objects now: 4244.
Total: 8.360400 ms (FindLiveObjects: 1.016500 ms CreateObjectMapping: 0.394400 ms MarkObjects: 6.874700 ms  DeleteObjects: 0.072800 ms)

========================================================================
Received Import Request.
  Time since last request: 259.538866 seconds.
  path: Assets/Models/Boss.fbx
  artifactKey: Guid(0d5528bcde154ed488a1ba3674c7551f) Importer(815301076,1909f56bfc062723c751e8b465ee728b)
Start importing Assets/Models/Boss.fbx using Guid(0d5528bcde154ed488a1ba3674c7551f) Importer(815301076,1909f56bfc062723c751e8b465ee728b)  -> (artifact id: 'ad34f2b23bed53d621d97c11a17d8b88') in 1.338309 seconds
  Import took 1.380155 seconds .

========================================================================
Received Prepare
Registering precompiled user dll's ...
Registered in 0.002304 seconds.
Begin MonoManager ReloadAssembly
Native extension for WindowsStandalone target not found
Refreshing native plugins compatible for Editor in 1.05 ms, found 0 plugins.
Preloading 0 native plugins for Editor in 0.00 ms.
Invoked RoslynAnalysisRunner static constructor.
RoslynAnalysisRunner will not be running.
RoslynAnalysisRunner has terminated.
Mono: successfully reloaded assembly
- Completed reload, in  3.745 seconds
Platform modules already initialized, skipping
Refreshing native plugins compatible for Editor in 0.71 ms, found 0 plugins.
Preloading 0 native plugins for Editor in 0.00 ms.
Unloading 3265 Unused Serialized files (Serialized files now loaded: 0)
System memory in use before: 286.7 MB.
System memory in use after: 286.9 MB.

Unloading 6 unused Assets to reduce memory usage. Loaded Objects now: 4348.
Total: 4.567400 ms (FindLiveObjects: 0.727300 ms CreateObjectMapping: 0.456100 ms MarkObjects: 3.184000 ms  DeleteObjects: 0.197400 ms)

========================================================================
Received Prepare
Registering precompiled user dll's ...
Registered in 0.002558 seconds.
Begin MonoManager ReloadAssembly
Native extension for WindowsStandalone target not found
Refreshing native plugins compatible for Editor in 1.15 ms, found 0 plugins.
Preloading 0 native plugins for Editor in 0.00 ms.
Invoked RoslynAnalysisRunner static constructor.
RoslynAnalysisRunner will not be running.
RoslynAnalysisRunner has terminated.
Mono: successfully reloaded assembly
- Completed reload, in  3.119 seconds
Platform modules already initialized, skipping
Refreshing native plugins compatible for Editor in 1.30 ms, found 0 plugins.
Preloading 0 native plugins for Editor in 0.00 ms.
Unloading 3265 Unused Serialized files (Serialized files now loaded: 0)
System memory in use before: 286.7 MB.
System memory in use after: 286.9 MB.

Unloading 6 unused Assets to reduce memory usage. Loaded Objects now: 4350.
Total: 21.043900 ms (FindLiveObjects: 0.779900 ms CreateObjectMapping: 0.333700 ms MarkObjects: 19.779200 ms  DeleteObjects: 0.149200 ms)

========================================================================
Received Prepare
Registering precompiled user dll's ...
Registered in 0.002798 seconds.
Begin MonoManager ReloadAssembly
Native extension for WindowsStandalone target not found
Refreshing native plugins compatible for Editor in 0.85 ms, found 0 plugins.
Preloading 0 native plugins for Editor in 0.00 ms.
Invoked RoslynAnalysisRunner static constructor.
RoslynAnalysisRunner will not be running.
RoslynAnalysisRunner has terminated.
Mono: successfully reloaded assembly
- Completed reload, in  1.747 seconds
Platform modules already initialized, skipping
Refreshing native plugins compatible for Editor in 2.61 ms, found 0 plugins.
Preloading 0 native plugins for Editor in 0.00 ms.
Unloading 3265 Unused Serialized files (Serialized files now loaded: 0)
System memory in use before: 286.7 MB.
System memory in use after: 287.0 MB.

Unloading 6 unused Assets to reduce memory usage. Loaded Objects now: 4352.
Total: 24.779500 ms (FindLiveObjects: 2.896600 ms CreateObjectMapping: 3.145900 ms MarkObjects: 17.160600 ms  DeleteObjects: 1.573600 ms)

========================================================================
Received Prepare
Registering precompiled user dll's ...
Registered in 0.001543 seconds.
Begin MonoManager ReloadAssembly
Native extension for WindowsStandalone target not found
Refreshing native plugins compatible for Editor in 3.05 ms, found 0 plugins.
Preloading 0 native plugins for Editor in 0.00 ms.
Invoked RoslynAnalysisRunner static constructor.
RoslynAnalysisRunner will not be running.
RoslynAnalysisRunner has terminated.
Mono: successfully reloaded assembly
- Completed reload, in  3.415 seconds
Platform modules already initialized, skipping
Refreshing native plugins compatible for Editor in 1.08 ms, found 0 plugins.
Preloading 0 native plugins for Editor in 0.00 ms.
Unloading 3265 Unused Serialized files (Serialized files now loaded: 0)
System memory in use before: 286.8 MB.
System memory in use after: 287.0 MB.

Unloading 6 unused Assets to reduce memory usage. Loaded Objects now: 4354.
Total: 17.899700 ms (FindLiveObjects: 1.277000 ms CreateObjectMapping: 0.804900 ms MarkObjects: 15.685300 ms  DeleteObjects: 0.129700 ms)

========================================================================
Received Import Request.
  Time since last request: 5024.341019 seconds.
  path: Assets/Textures/tex_Boss00/Boss_Bottom_AlbedoTransparency.png
  artifactKey: Guid(656c451aa64db4346a2358484c861db5) Importer(815301076,1909f56bfc062723c751e8b465ee728b)
Start importing Assets/Textures/tex_Boss00/Boss_Bottom_AlbedoTransparency.png using Guid(656c451aa64db4346a2358484c861db5) Importer(815301076,1909f56bfc062723c751e8b465ee728b)  -> (artifact id: 'cebf93bc4e4329f0097ffea62e915a02') in 1.600583 seconds
  Import took 2.135916 seconds .

========================================================================
Received Import Request.
  Time since last request: 0.021101 seconds.
  path: Assets/Textures/tex_Boss00/Boss_Bottom_Normal.png
  artifactKey: Guid(217942ffcf4e5db4aa7a96c04d75901f) Importer(815301076,1909f56bfc062723c751e8b465ee728b)
Start importing Assets/Textures/tex_Boss00/Boss_Bottom_Normal.png using Guid(217942ffcf4e5db4aa7a96c04d75901f) Importer(815301076,1909f56bfc062723c751e8b465ee728b)  -> (artifact id: '6dd9e6126961b160298969eb16deb2b2') in 0.110911 seconds
  Import took 0.206807 seconds .

========================================================================
Received Import Request.
  Time since last request: 0.000287 seconds.
  path: Assets/Textures/tex_Boss00/Boss_Bottom_SpecularSmoothness.png
  artifactKey: Guid(ffb8ba2732338f74499919611c037647) Importer(815301076,1909f56bfc062723c751e8b465ee728b)
Start importing Assets/Textures/tex_Boss00/Boss_Bottom_SpecularSmoothness.png using Guid(ffb8ba2732338f74499919611c037647) Importer(815301076,1909f56bfc062723c751e8b465ee728b)  -> (artifact id: 'a60fac4386e03da444a5e4b18699eb4f') in 0.444685 seconds
  Import took 0.481863 seconds .

========================================================================
Received Import Request.
  Time since last request: 0.000830 seconds.
  path: Assets/Textures/tex_Boss00/Boss_Helmet_SpecularSmoothness.png
  artifactKey: Guid(05c47f8a3743219499a253ad9f658bd2) Importer(815301076,1909f56bfc062723c751e8b465ee728b)
Start importing Assets/Textures/tex_Boss00/Boss_Helmet_SpecularSmoothness.png using Guid(05c47f8a3743219499a253ad9f658bd2) Importer(815301076,1909f56bfc062723c751e8b465ee728b)  -> (artifact id: '1116db90e29020405e333a61a5607315') in 0.206004 seconds
  Import took 0.268641 seconds .

========================================================================
Received Import Request.
  Time since last request: 0.000283 seconds.
  path: Assets/Textures/tex_Boss00/Boss_Top.001_SpecularSmoothness.png
  artifactKey: Guid(ac8e07e15ebe4e843984152d80c4b601) Importer(815301076,1909f56bfc062723c751e8b465ee728b)
Start importing Assets/Textures/tex_Boss00/Boss_Top.001_SpecularSmoothness.png using Guid(ac8e07e15ebe4e843984152d80c4b601) Importer(815301076,1909f56bfc062723c751e8b465ee728b)  -> (artifact id: '0f3a7072577b5a7ea2a9c4b0b83a4eeb') in 0.137233 seconds
  Import took 0.205877 seconds .

========================================================================
Received Import Request.
  Time since last request: 0.000381 seconds.
  path: Assets/Textures/tex_Boss00/Boss_Top.001_Normal.png
  artifactKey: Guid(1ff7ec5dae0558843af6c3c9fc09a792) Importer(815301076,1909f56bfc062723c751e8b465ee728b)
Start importing Assets/Textures/tex_Boss00/Boss_Top.001_Normal.png using Guid(1ff7ec5dae0558843af6c3c9fc09a792) Importer(815301076,1909f56bfc062723c751e8b465ee728b)  -> (artifact id: 'c5d323e4533ebd7b42d21a6e4c762484') in 0.398654 seconds
  Import took 0.529032 seconds .

========================================================================
Received Import Request.
  Time since last request: 0.011286 seconds.
  path: Assets/Textures/tex_Boss00/Boss_Top.002_AlbedoTransparency.png
  artifactKey: Guid(0340d35286e6bd64f8af1cfabc0bfb00) Importer(815301076,1909f56bfc062723c751e8b465ee728b)
Start importing Assets/Textures/tex_Boss00/Boss_Top.002_AlbedoTransparency.png using Guid(0340d35286e6bd64f8af1cfabc0bfb00) Importer(815301076,1909f56bfc062723c751e8b465ee728b)  -> (artifact id: 'aa3db3d89a1310817dd37b9214239a9b') in 0.201668 seconds
  Import took 0.273651 seconds .

========================================================================
Received Import Request.
  Time since last request: 0.000325 seconds.
  path: Assets/Textures/tex_Boss00/Boss_Top.002_SpecularSmoothness.png
  artifactKey: Guid(ef5dc0600b098fd4485d90e74fbad6f9) Importer(815301076,1909f56bfc062723c751e8b465ee728b)
Start importing Assets/Textures/tex_Boss00/Boss_Top.002_SpecularSmoothness.png using Guid(ef5dc0600b098fd4485d90e74fbad6f9) Importer(815301076,1909f56bfc062723c751e8b465ee728b)  -> (artifact id: 'f323d3995914d14757acbc68cf36d794') in 0.352750 seconds
  Import took 0.407882 seconds .

========================================================================
Received Import Request.
  Time since last request: 0.000358 seconds.
  path: Assets/Textures/tex_Boss00/Boss_Helmet_Normal.png
  artifactKey: Guid(d973808b0b4a1644aae0b356ca418726) Importer(815301076,1909f56bfc062723c751e8b465ee728b)
Start importing Assets/Textures/tex_Boss00/Boss_Helmet_Normal.png using Guid(d973808b0b4a1644aae0b356ca418726) Importer(815301076,1909f56bfc062723c751e8b465ee728b)  -> (artifact id: '509aa53f053b5475b4c80baf0986eb39') in 0.101675 seconds
  Import took 0.162156 seconds .

========================================================================
Received Import Request.
  Time since last request: 0.000368 seconds.
  path: Assets/Textures/tex_Boss00/Boss_Top.001_AlbedoTransparency.png
  artifactKey: Guid(8764392233c30cb469f619d90c52914a) Importer(815301076,1909f56bfc062723c751e8b465ee728b)
Start importing Assets/Textures/tex_Boss00/Boss_Top.001_AlbedoTransparency.png using Guid(8764392233c30cb469f619d90c52914a) Importer(815301076,1909f56bfc062723c751e8b465ee728b)  -> (artifact id: '3cb0ed613bfe31a5cf79a9e0f1b2804b') in 0.097051 seconds
  Import took 0.159709 seconds .

========================================================================
Received Import Request.
  Time since last request: 0.000376 seconds.
  path: Assets/Textures/tex_Boss00/Boss_Top_Normal.png
  artifactKey: Guid(ec3deed62f3e3de44b8479279e07b69d) Importer(815301076,1909f56bfc062723c751e8b465ee728b)
Start importing Assets/Textures/tex_Boss00/Boss_Top_Normal.png using Guid(ec3deed62f3e3de44b8479279e07b69d) Importer(815301076,1909f56bfc062723c751e8b465ee728b)  -> (artifact id: '9be6aea9c195b15b5ed9fccac8b59542') in 0.196657 seconds
  Import took 0.243725 seconds .

========================================================================
Received Import Request.
  Time since last request: 0.000364 seconds.
  path: Assets/Textures/tex_Boss00/Boss_Top_AlbedoTransparency.png
  artifactKey: Guid(0e4cdb7cc7f5ce141a013e498f79f0bf) Importer(815301076,1909f56bfc062723c751e8b465ee728b)
Start importing Assets/Textures/tex_Boss00/Boss_Top_AlbedoTransparency.png using Guid(0e4cdb7cc7f5ce141a013e498f79f0bf) Importer(815301076,1909f56bfc062723c751e8b465ee728b)  -> (artifact id: '7569c5fcf23df20749d1081ae6c9e274') in 0.091583 seconds
  Import took 0.138134 seconds .

========================================================================
Received Import Request.
  Time since last request: 0.000383 seconds.
  path: Assets/Textures/tex_Boss00/Boss_Top_SpecularSmoothness.png
  artifactKey: Guid(fb05923ac4c267b488c3a23d01f7bb37) Importer(815301076,1909f56bfc062723c751e8b465ee728b)
Start importing Assets/Textures/tex_Boss00/Boss_Top_SpecularSmoothness.png using Guid(fb05923ac4c267b488c3a23d01f7bb37) Importer(815301076,1909f56bfc062723c751e8b465ee728b)  -> (artifact id: '63e857dccae113a04eee0e2f11b573dc') in 0.194788 seconds
  Import took 0.226038 seconds .

========================================================================
Received Import Request.
  Time since last request: 0.000398 seconds.
  path: Assets/Textures/tex_Boss00/Boss_Helmet_AlbedoTransparency.png
  artifactKey: Guid(2f84b6584f576104496397505a8164a3) Importer(815301076,1909f56bfc062723c751e8b465ee728b)
Start importing Assets/Textures/tex_Boss00/Boss_Helmet_AlbedoTransparency.png using Guid(2f84b6584f576104496397505a8164a3) Importer(815301076,1909f56bfc062723c751e8b465ee728b)  -> (artifact id: '1597b1b62b1614ed5420e0692dd58f31') in 0.061002 seconds
  Import took 0.106861 seconds .

========================================================================
Received Import Request.
  Time since last request: 0.000356 seconds.
  path: Assets/Textures/tex_Boss00/Boss_Top.002_Normal.png
  artifactKey: Guid(89899d102aeb22e4fa59bc3294a683dd) Importer(815301076,1909f56bfc062723c751e8b465ee728b)
Start importing Assets/Textures/tex_Boss00/Boss_Top.002_Normal.png using Guid(89899d102aeb22e4fa59bc3294a683dd) Importer(815301076,1909f56bfc062723c751e8b465ee728b)  -> (artifact id: '27685dc2cef96333644e910614a935dc') in 0.033943 seconds
  Import took 0.040965 seconds .

========================================================================
Received Import Request.
  Time since last request: 0.053728 seconds.
  path: Assets/Textures/tex_Boss00/Boss_Top.002_Normal.png
  artifactKey: Guid(89899d102aeb22e4fa59bc3294a683dd) Importer(815301076,1909f56bfc062723c751e8b465ee728b)
Start importing Assets/Textures/tex_Boss00/Boss_Top.002_Normal.png using Guid(89899d102aeb22e4fa59bc3294a683dd) Importer(815301076,1909f56bfc062723c751e8b465ee728b)  -> (artifact id: '27685dc2cef96333644e910614a935dc') in 0.016065 seconds
  Import took 0.037392 seconds .

========================================================================
Received Import Request.
  Time since last request: 159.380483 seconds.
  path: Assets/Materials/LongRock.mat
  artifactKey: Guid(9b6dc0adb9d0ec94a90e2eb46e790617) Importer(815301076,1909f56bfc062723c751e8b465ee728b)
Start importing Assets/Materials/LongRock.mat using Guid(9b6dc0adb9d0ec94a90e2eb46e790617) Importer(815301076,1909f56bfc062723c751e8b465ee728b)  -> (artifact id: '826a478122ae851f63b07dc18cc56322') in 10.116680 seconds
  Import took 10.153264 seconds .

AssetImportWorkerClient::OnTransportError - code=2 error=End of file
