Using pre-set license
Built from '2020.2/release' branch; Version is '2020.2.1f1 (270dd8c3da1c) revision 2559448'; Using compiler version '192528614'; Build Type 'Release'
OS: 'Windows 10  (10.0.0) 64bit' Language: 'fr' Physical Memory: 8075 MB
BatchMode: 1, IsHumanControllingUs: 0, StartBugReporterOnCrash: 0, Is64bit: 1, IsPro: 0

 COMMAND LINE ARGUMENTS:
D:\Dev\UnityVersions\2020.2.1f1\Editor\Unity.exe
-adb2
-batchMode
-noUpm
-name
AssetImportWorker2
-projectPath
D:/Dev/Projets/MineDepthV2
-logFile
Logs/AssetImportWorker2.log
-srvPort
52212
Successfully changed project path to: D:/Dev/Projets/MineDepthV2
D:/Dev/Projets/MineDepthV2
Using Asset Import Pipeline V2.
Refreshing native plugins compatible for Editor in 109.18 ms, found 0 plugins.
Preloading 0 native plugins for Editor in 0.00 ms.
Initialize engine version: 2020.2.1f1 (270dd8c3da1c)
[Subsystems] Discovering subsystems at path D:/Dev/UnityVersions/2020.2.1f1/Editor/Data/Resources/UnitySubsystems
[Subsystems] Discovering subsystems at path D:/Dev/Projets/MineDepthV2/Assets
GfxDevice: creating device client; threaded=0
Direct3D:
    Version:  Direct3D 11.0 [level 11.1]
    Renderer: NVIDIA GeForce GTX 1060 (ID=0x1c20)
    Vendor:   
    VRAM:     6052 MB
    Driver:   30.0.14.7168
Initialize mono
Mono path[0] = 'D:/Dev/UnityVersions/2020.2.1f1/Editor/Data/Managed'
Mono path[1] = 'D:/Dev/UnityVersions/2020.2.1f1/Editor/Data/MonoBleedingEdge/lib/mono/unityjit'
Mono config path = 'D:/Dev/UnityVersions/2020.2.1f1/Editor/Data/MonoBleedingEdge/etc'
Using monoOptions --debugger-agent=transport=dt_socket,embedding=1,server=y,suspend=n,address=127.0.0.1:56392
Begin MonoManager ReloadAssembly
Registering precompiled unity dll's ...
Register platform support module: D:/Dev/UnityVersions/2020.2.1f1/Editor/Data/PlaybackEngines/WindowsStandaloneSupport/UnityEditor.WindowsStandalone.Extensions.dll
Registered in 0.001137 seconds.
Native extension for WindowsStandalone target not found
Refreshing native plugins compatible for Editor in 94.82 ms, found 0 plugins.
Preloading 0 native plugins for Editor in 0.00 ms.
Invoked RoslynAnalysisRunner static constructor.
RoslynAnalysisRunner will not be running.
RoslynAnalysisRunner has terminated.
Mono: successfully reloaded assembly
- Completed reload, in  1.230 seconds
Platform modules already initialized, skipping
Registering precompiled user dll's ...
Registered in 0.001466 seconds.
Begin MonoManager ReloadAssembly
Native extension for WindowsStandalone target not found
Refreshing native plugins compatible for Editor in 108.43 ms, found 0 plugins.
Preloading 0 native plugins for Editor in 0.00 ms.
Invoked RoslynAnalysisRunner static constructor.
RoslynAnalysisRunner will not be running.
RoslynAnalysisRunner has terminated.
Mono: successfully reloaded assembly
- Completed reload, in  1.844 seconds
Platform modules already initialized, skipping
========================================================================
Worker process is ready to serve import requests
Launched and connected shader compiler UnityShaderCompiler.exe after 0.13 seconds
Refreshing native plugins compatible for Editor in 0.87 ms, found 0 plugins.
Preloading 0 native plugins for Editor in 0.00 ms.
Unloading 3589 Unused Serialized files (Serialized files now loaded: 0)
System memory in use before: 285.4 MB.
System memory in use after: 285.6 MB.

Unloading 14 unused Assets to reduce memory usage. Loaded Objects now: 4084.
Total: 4.063700 ms (FindLiveObjects: 0.607300 ms CreateObjectMapping: 0.303800 ms MarkObjects: 3.070600 ms  DeleteObjects: 0.079900 ms)

========================================================================
Received Import Request.
  path: Assets/Materials/LongRock.mat
  artifactKey: Guid(9b6dc0adb9d0ec94a90e2eb46e790617) Importer(815301076,1909f56bfc062723c751e8b465ee728b)
Start importing Assets/Materials/LongRock.mat using Guid(9b6dc0adb9d0ec94a90e2eb46e790617) Importer(815301076,1909f56bfc062723c751e8b465ee728b)  -> (artifact id: 'fbd04065f69c3688dc46fa9203f1c38e') in 1.868720 seconds
  Import took 1.899161 seconds .

========================================================================
Received Import Request.
  Time since last request: 0.000272 seconds.
  path: Assets/Materials/Default.mat
  artifactKey: Guid(5e5dc031bef493d42a393d313ce07e64) Importer(815301076,1909f56bfc062723c751e8b465ee728b)
Start importing Assets/Materials/Default.mat using Guid(5e5dc031bef493d42a393d313ce07e64) Importer(815301076,1909f56bfc062723c751e8b465ee728b)  -> (artifact id: 'ed0d1a231513a56bbbb4b87f1b061b71') in 0.058029 seconds
  Import took 0.096959 seconds .

========================================================================
Received Import Request.
  Time since last request: 409.001434 seconds.
  path: Assets/Materials/Boss_00/Bottom.mat
  artifactKey: Guid(b8ea8a7ea9162ba4393206668c05878c) Importer(815301076,1909f56bfc062723c751e8b465ee728b)
Start importing Assets/Materials/Boss_00/Bottom.mat using Guid(b8ea8a7ea9162ba4393206668c05878c) Importer(815301076,1909f56bfc062723c751e8b465ee728b)  -> (artifact id: '11139881d3b9bf13e4b33b4010cafda5') in 0.206776 seconds
  Import took 0.244442 seconds .

========================================================================
Received Import Request.
  Time since last request: 0.000329 seconds.
  path: Assets/Materials/Boss_00/Helmet.mat
  artifactKey: Guid(309583c56412cd24da81c17e3e8c9097) Importer(815301076,1909f56bfc062723c751e8b465ee728b)
Start importing Assets/Materials/Boss_00/Helmet.mat using Guid(309583c56412cd24da81c17e3e8c9097) Importer(815301076,1909f56bfc062723c751e8b465ee728b)  -> (artifact id: '1b3f238748a7cebe3cfa28b84d1eace4') in 0.112456 seconds
  Import took 0.151848 seconds .

========================================================================
Received Import Request.
  Time since last request: 0.000324 seconds.
  path: Assets/Materials/Boss_00/Top.mat
  artifactKey: Guid(5d3705a3fa91dd6439c568aeaa1dd8b1) Importer(815301076,1909f56bfc062723c751e8b465ee728b)
Start importing Assets/Materials/Boss_00/Top.mat using Guid(5d3705a3fa91dd6439c568aeaa1dd8b1) Importer(815301076,1909f56bfc062723c751e8b465ee728b)  -> (artifact id: 'dd513f0936fcf019e9f46c65bc653b7c') in 0.111560 seconds
  Import took 0.175944 seconds .

========================================================================
Received Import Request.
  Time since last request: 8.523693 seconds.
  path: Assets/Animation/Enemies/Boss00/Boss00.controller
  artifactKey: Guid(a2c8e0da0d4c0a3459baa686d1e233d7) Importer(815301076,1909f56bfc062723c751e8b465ee728b)
Start importing Assets/Animation/Enemies/Boss00/Boss00.controller using Guid(a2c8e0da0d4c0a3459baa686d1e233d7) Importer(815301076,1909f56bfc062723c751e8b465ee728b)  -> (artifact id: '512238678acdeeeff0f0329ed3eca2c3') in 0.041111 seconds
  Import took 0.096845 seconds .

========================================================================
Received Prepare
Registering precompiled user dll's ...
Registered in 0.001439 seconds.
Begin MonoManager ReloadAssembly
Native extension for WindowsStandalone target not found
Refreshing native plugins compatible for Editor in 0.76 ms, found 0 plugins.
Preloading 0 native plugins for Editor in 0.00 ms.
Invoked RoslynAnalysisRunner static constructor.
RoslynAnalysisRunner will not be running.
RoslynAnalysisRunner has terminated.
Mono: successfully reloaded assembly
- Completed reload, in  1.367 seconds
Platform modules already initialized, skipping
Refreshing native plugins compatible for Editor in 0.72 ms, found 0 plugins.
Preloading 0 native plugins for Editor in 0.00 ms.
Unloading 3275 Unused Serialized files (Serialized files now loaded: 0)
System memory in use before: 279.7 MB.
System memory in use after: 279.9 MB.

Unloading 6 unused Assets to reduce memory usage. Loaded Objects now: 4241.
Total: 3.946200 ms (FindLiveObjects: 0.471900 ms CreateObjectMapping: 0.436600 ms MarkObjects: 2.947800 ms  DeleteObjects: 0.088400 ms)

========================================================================
Received Import Request.
  Time since last request: 21.329524 seconds.
  path: Assets/Animation/Enemies/Boss00/BossStatue.controller
  artifactKey: Guid(e76ad866d6b0a224ea89fa31bd91a58e) Importer(815301076,1909f56bfc062723c751e8b465ee728b)
Start importing Assets/Animation/Enemies/Boss00/BossStatue.controller using Guid(e76ad866d6b0a224ea89fa31bd91a58e) Importer(815301076,1909f56bfc062723c751e8b465ee728b)  -> (artifact id: 'c0d440ef17530b02ec057dcda234e8cc') in 0.069132 seconds
  Import took 0.143020 seconds .

========================================================================
Received Import Request.
  Time since last request: 132.779213 seconds.
  path: Assets/Materials/GroundTEST.mat
  artifactKey: Guid(20ba08a0af7a09746af72c720999ab80) Importer(815301076,1909f56bfc062723c751e8b465ee728b)
Start importing Assets/Materials/GroundTEST.mat using Guid(20ba08a0af7a09746af72c720999ab80) Importer(815301076,1909f56bfc062723c751e8b465ee728b)  -> (artifact id: '88d88c80403c9923823b7f0e2b36539e') in 0.616146 seconds
  Import took 0.936238 seconds .

========================================================================
Received Prepare
Registering precompiled user dll's ...
Registered in 0.001469 seconds.
Begin MonoManager ReloadAssembly
Native extension for WindowsStandalone target not found
Refreshing native plugins compatible for Editor in 0.88 ms, found 0 plugins.
Preloading 0 native plugins for Editor in 0.00 ms.
Invoked RoslynAnalysisRunner static constructor.
RoslynAnalysisRunner will not be running.
RoslynAnalysisRunner has terminated.
Mono: successfully reloaded assembly
- Completed reload, in  1.546 seconds
Platform modules already initialized, skipping
Refreshing native plugins compatible for Editor in 0.88 ms, found 0 plugins.
Preloading 0 native plugins for Editor in 0.00 ms.
Unloading 3265 Unused Serialized files (Serialized files now loaded: 0)
System memory in use before: 279.7 MB.
System memory in use after: 279.9 MB.

Unloading 6 unused Assets to reduce memory usage. Loaded Objects now: 4345.
Total: 3.579200 ms (FindLiveObjects: 0.668500 ms CreateObjectMapping: 0.290100 ms MarkObjects: 2.557900 ms  DeleteObjects: 0.060900 ms)

========================================================================
Received Import Request.
  Time since last request: 184.302318 seconds.
  path: Assets/EffectExamples/Fire & Explosion Effects/Materials/Explosion.mat
  artifactKey: Guid(6421a5a06ae9f7a47a57b67f35c73b5a) Importer(815301076,1909f56bfc062723c751e8b465ee728b)
Start importing Assets/EffectExamples/Fire & Explosion Effects/Materials/Explosion.mat using Guid(6421a5a06ae9f7a47a57b67f35c73b5a) Importer(815301076,1909f56bfc062723c751e8b465ee728b)  -> (artifact id: '2e69e2176fd749fbb8ccf4576a5abce8') in 1.135470 seconds
  Import took 1.162849 seconds .

========================================================================
Received Prepare
Registering precompiled user dll's ...
Registered in 0.001812 seconds.
Begin MonoManager ReloadAssembly
Native extension for WindowsStandalone target not found
Refreshing native plugins compatible for Editor in 0.69 ms, found 0 plugins.
Preloading 0 native plugins for Editor in 0.00 ms.
Invoked RoslynAnalysisRunner static constructor.
RoslynAnalysisRunner will not be running.
RoslynAnalysisRunner has terminated.
Mono: successfully reloaded assembly
- Completed reload, in  1.582 seconds
Platform modules already initialized, skipping
Refreshing native plugins compatible for Editor in 0.72 ms, found 0 plugins.
Preloading 0 native plugins for Editor in 0.00 ms.
Unloading 3265 Unused Serialized files (Serialized files now loaded: 0)
System memory in use before: 280.1 MB.
System memory in use after: 280.3 MB.

Unloading 6 unused Assets to reduce memory usage. Loaded Objects now: 4449.
Total: 4.644100 ms (FindLiveObjects: 0.723100 ms CreateObjectMapping: 0.666500 ms MarkObjects: 3.186400 ms  DeleteObjects: 0.065700 ms)

========================================================================
Received Import Request.
  Time since last request: 211.147862 seconds.
  path: ProjectSettings/TagManager.asset
  artifactKey: Guid(00000000000000003000000000000000) Importer(815301076,1909f56bfc062723c751e8b465ee728b)
Start importing ProjectSettings/TagManager.asset using Guid(00000000000000003000000000000000) Importer(815301076,1909f56bfc062723c751e8b465ee728b)  -> (artifact id: '37c1d2a5e28984a8202bf50f13926b2d') in 0.030515 seconds
  Import took 0.109679 seconds .

========================================================================
Received Import Request.
  Time since last request: 0.004094 seconds.
  path: ProjectSettings/TagManager.asset
  artifactKey: Guid(00000000000000003000000000000000) Importer(815301076,1909f56bfc062723c751e8b465ee728b)
Start importing ProjectSettings/TagManager.asset using Guid(00000000000000003000000000000000) Importer(815301076,1909f56bfc062723c751e8b465ee728b)  -> (artifact id: '37c1d2a5e28984a8202bf50f13926b2d') in 0.004043 seconds
  Import took 0.012069 seconds .

========================================================================
Received Import Request.
  Time since last request: 168.921396 seconds.
  path: Assets/Scenes/Proto/Sky and Fog Settings Profile.asset
  artifactKey: Guid(39318a83b319f9f468a2c4e9911c6ab8) Importer(815301076,1909f56bfc062723c751e8b465ee728b)
Start importing Assets/Scenes/Proto/Sky and Fog Settings Profile.asset using Guid(39318a83b319f9f468a2c4e9911c6ab8) Importer(815301076,1909f56bfc062723c751e8b465ee728b)  -> (artifact id: '7e9fed701f25b5f74e6dbe7e5562aff9') in 0.026359 seconds
  Import took 0.034605 seconds .

========================================================================
Received Import Request.
  Time since last request: 0.003224 seconds.
  path: Assets/Scenes/Proto/Sky and Fog Settings Profile.asset
  artifactKey: Guid(39318a83b319f9f468a2c4e9911c6ab8) Importer(815301076,1909f56bfc062723c751e8b465ee728b)
Start importing Assets/Scenes/Proto/Sky and Fog Settings Profile.asset using Guid(39318a83b319f9f468a2c4e9911c6ab8) Importer(815301076,1909f56bfc062723c751e8b465ee728b)  -> (artifact id: '7e9fed701f25b5f74e6dbe7e5562aff9') in 0.004354 seconds
  Import took 0.013584 seconds .

========================================================================
Received Import Request.
  Time since last request: 162.309955 seconds.
  path: Assets/Scenes/Proto2/DashVolume Profile.asset
  artifactKey: Guid(2478dbc0af5310d45b4df1aab2d93ba2) Importer(815301076,1909f56bfc062723c751e8b465ee728b)
Start importing Assets/Scenes/Proto2/DashVolume Profile.asset using Guid(2478dbc0af5310d45b4df1aab2d93ba2) Importer(815301076,1909f56bfc062723c751e8b465ee728b)  -> (artifact id: '6036285a516823b7272f64c76b451ab2') in 0.009903 seconds
  Import took 0.342023 seconds .

========================================================================
Received Import Request.
  Time since last request: 14.978059 seconds.
  path: Assets/Scenes/Proto2/NavMesh.asset
  artifactKey: Guid(4e005dd7a7331c243930927101a867bd) Importer(815301076,1909f56bfc062723c751e8b465ee728b)
Start importing Assets/Scenes/Proto2/NavMesh.asset using Guid(4e005dd7a7331c243930927101a867bd) Importer(815301076,1909f56bfc062723c751e8b465ee728b)  -> (artifact id: 'd64afda0f0a428c21903b7017b426a0a') in 0.049059 seconds
  Import took 0.084885 seconds .

========================================================================
Received Import Request.
  Time since last request: 0.000330 seconds.
  path: Assets/Scenes/Proto2/Sky and Fog Settings Profile.asset
  artifactKey: Guid(0ee44ed8bb6664c4eaa78b873e52912d) Importer(815301076,1909f56bfc062723c751e8b465ee728b)
Start importing Assets/Scenes/Proto2/Sky and Fog Settings Profile.asset using Guid(0ee44ed8bb6664c4eaa78b873e52912d) Importer(815301076,1909f56bfc062723c751e8b465ee728b)  -> (artifact id: '4b7cb7777fefe1da891d8e0d6e7d7249') in 0.004550 seconds
  Import took 0.050749 seconds .

========================================================================
Received Prepare
Registering precompiled user dll's ...
Registered in 0.001938 seconds.
Begin MonoManager ReloadAssembly
Native extension for WindowsStandalone target not found
Refreshing native plugins compatible for Editor in 7.58 ms, found 0 plugins.
Preloading 0 native plugins for Editor in 0.00 ms.
Invoked RoslynAnalysisRunner static constructor.
RoslynAnalysisRunner will not be running.
RoslynAnalysisRunner has terminated.
Mono: successfully reloaded assembly
- Completed reload, in  6.280 seconds
Platform modules already initialized, skipping
Refreshing native plugins compatible for Editor in 3.75 ms, found 0 plugins.
Preloading 0 native plugins for Editor in 0.00 ms.
Unloading 3265 Unused Serialized files (Serialized files now loaded: 0)
System memory in use before: 280.1 MB.
System memory in use after: 280.4 MB.

Unloading 8 unused Assets to reduce memory usage. Loaded Objects now: 4451.
Total: 19.383800 ms (FindLiveObjects: 7.828800 ms CreateObjectMapping: 1.034500 ms MarkObjects: 9.941200 ms  DeleteObjects: 0.577000 ms)

========================================================================
Received Import Request.
  Time since last request: 112.300835 seconds.
  path: Assets/Scenes/Proto2/DashVolume Profile.asset
  artifactKey: Guid(2478dbc0af5310d45b4df1aab2d93ba2) Importer(815301076,1909f56bfc062723c751e8b465ee728b)
Start importing Assets/Scenes/Proto2/DashVolume Profile.asset using Guid(2478dbc0af5310d45b4df1aab2d93ba2) Importer(815301076,1909f56bfc062723c751e8b465ee728b)  -> (artifact id: 'd1311e3ed533340d5854fe5cf3813227') in 0.106911 seconds
  Import took 0.317165 seconds .

========================================================================
Received Import Request.
  Time since last request: 100.020140 seconds.
  path: Assets/Scenes/Proto2/DashVolume Profile.asset
  artifactKey: Guid(2478dbc0af5310d45b4df1aab2d93ba2) Importer(815301076,1909f56bfc062723c751e8b465ee728b)
Start importing Assets/Scenes/Proto2/DashVolume Profile.asset using Guid(2478dbc0af5310d45b4df1aab2d93ba2) Importer(815301076,1909f56bfc062723c751e8b465ee728b)  -> (artifact id: '295f32a9826e9dc6f132267d08734654') in 0.008470 seconds
  Import took 0.043949 seconds .

AssetImportWorkerClient::OnTransportError - code=2 error=End of file
