Using pre-set license
Built from '2020.2/release' branch; Version is '2020.2.1f1 (270dd8c3da1c) revision 2559448'; Using compiler version '192528614'; Build Type 'Release'
OS: 'Windows 10  (10.0.0) 64bit' Language: 'fr' Physical Memory: 8075 MB
BatchMode: 1, IsHumanControllingUs: 0, StartBugReporterOnCrash: 0, Is64bit: 1, IsPro: 0

 COMMAND LINE ARGUMENTS:
D:\Dev\UnityVersions\2020.2.1f1\Editor\Unity.exe
-adb2
-batchMode
-noUpm
-name
AssetImportWorker3
-projectPath
D:/Dev/Projets/1_Git/MineDepth
-logFile
Logs/AssetImportWorker3.log
-srvPort
56466
Successfully changed project path to: D:/Dev/Projets/1_Git/MineDepth
D:/Dev/Projets/1_Git/MineDepth
Using Asset Import Pipeline V2.
Refreshing native plugins compatible for Editor in 109.65 ms, found 0 plugins.
Preloading 0 native plugins for Editor in 0.00 ms.
Initialize engine version: 2020.2.1f1 (270dd8c3da1c)
[Subsystems] Discovering subsystems at path D:/Dev/UnityVersions/2020.2.1f1/Editor/Data/Resources/UnitySubsystems
[Subsystems] Discovering subsystems at path D:/Dev/Projets/1_Git/MineDepth/Assets
GfxDevice: creating device client; threaded=0
Direct3D:
    Version:  Direct3D 11.0 [level 11.1]
    Renderer: NVIDIA GeForce GTX 1060 (ID=0x1c20)
    Vendor:   
    VRAM:     6052 MB
    Driver:   30.0.14.7168
Initialize mono
Mono path[0] = 'D:/Dev/UnityVersions/2020.2.1f1/Editor/Data/Managed'
Mono path[1] = 'D:/Dev/UnityVersions/2020.2.1f1/Editor/Data/MonoBleedingEdge/lib/mono/unityjit'
Mono config path = 'D:/Dev/UnityVersions/2020.2.1f1/Editor/Data/MonoBleedingEdge/etc'
Using monoOptions --debugger-agent=transport=dt_socket,embedding=1,server=y,suspend=n,address=127.0.0.1:56932
Begin MonoManager ReloadAssembly
Registering precompiled unity dll's ...
Register platform support module: D:/Dev/UnityVersions/2020.2.1f1/Editor/Data/PlaybackEngines/WindowsStandaloneSupport/UnityEditor.WindowsStandalone.Extensions.dll
Registered in 0.001272 seconds.
Native extension for WindowsStandalone target not found
Refreshing native plugins compatible for Editor in 95.86 ms, found 0 plugins.
Preloading 0 native plugins for Editor in 0.00 ms.
Invoked RoslynAnalysisRunner static constructor.
RoslynAnalysisRunner will not be running.
RoslynAnalysisRunner has terminated.
Mono: successfully reloaded assembly
- Completed reload, in  1.101 seconds
Platform modules already initialized, skipping
Registering precompiled user dll's ...
Registered in 0.001677 seconds.
Begin MonoManager ReloadAssembly
Native extension for WindowsStandalone target not found
Refreshing native plugins compatible for Editor in 110.08 ms, found 0 plugins.
Preloading 0 native plugins for Editor in 0.00 ms.
Invoked RoslynAnalysisRunner static constructor.
RoslynAnalysisRunner will not be running.
RoslynAnalysisRunner has terminated.
Mono: successfully reloaded assembly
- Completed reload, in  3.648 seconds
Platform modules already initialized, skipping
========================================================================
Worker process is ready to serve import requests
Launched and connected shader compiler UnityShaderCompiler.exe after 0.18 seconds
Refreshing native plugins compatible for Editor in 0.87 ms, found 0 plugins.
Preloading 0 native plugins for Editor in 0.00 ms.
Unloading 3590 Unused Serialized files (Serialized files now loaded: 0)
System memory in use before: 285.8 MB.
System memory in use after: 286.0 MB.

Unloading 14 unused Assets to reduce memory usage. Loaded Objects now: 4085.
Total: 3.719200 ms (FindLiveObjects: 0.387500 ms CreateObjectMapping: 0.244200 ms MarkObjects: 2.975100 ms  DeleteObjects: 0.110800 ms)

========================================================================
Received Import Request.
  path: Assets/Models/Boss.fbx
  artifactKey: Guid(0d5528bcde154ed488a1ba3674c7551f) Importer(815301076,1909f56bfc062723c751e8b465ee728b)
Start importing Assets/Models/Boss.fbx using Guid(0d5528bcde154ed488a1ba3674c7551f) Importer(815301076,1909f56bfc062723c751e8b465ee728b)  -> (artifact id: '54fb5ff9425c7478f0cc03ea7c661b2d') in 3.153231 seconds
  Import took 3.500839 seconds .

========================================================================
Received Prepare
Registering precompiled user dll's ...
Registered in 0.001536 seconds.
Begin MonoManager ReloadAssembly
Native extension for WindowsStandalone target not found
Refreshing native plugins compatible for Editor in 0.72 ms, found 0 plugins.
Preloading 0 native plugins for Editor in 0.00 ms.
Invoked RoslynAnalysisRunner static constructor.
RoslynAnalysisRunner will not be running.
RoslynAnalysisRunner has terminated.
Mono: successfully reloaded assembly
- Completed reload, in  1.502 seconds
Platform modules already initialized, skipping
Refreshing native plugins compatible for Editor in 1.35 ms, found 0 plugins.
Preloading 0 native plugins for Editor in 0.00 ms.
Unloading 3276 Unused Serialized files (Serialized files now loaded: 0)
System memory in use before: 280.5 MB.
System memory in use after: 280.7 MB.

Unloading 6 unused Assets to reduce memory usage. Loaded Objects now: 4245.
Total: 5.665700 ms (FindLiveObjects: 0.873200 ms CreateObjectMapping: 0.338600 ms MarkObjects: 4.328100 ms  DeleteObjects: 0.121200 ms)

========================================================================
Received Import Request.
  Time since last request: 54.877568 seconds.
  path: Assets/Models/Boss.fbx
  artifactKey: Guid(0d5528bcde154ed488a1ba3674c7551f) Importer(815301076,1909f56bfc062723c751e8b465ee728b)
Start importing Assets/Models/Boss.fbx using Guid(0d5528bcde154ed488a1ba3674c7551f) Importer(815301076,1909f56bfc062723c751e8b465ee728b)  -> (artifact id: '2b832cb6830fa0a69f293db86bec407d') in 1.052108 seconds
  Import took 1.175361 seconds .

========================================================================
Received Prepare
Registering precompiled user dll's ...
Registered in 0.014406 seconds.
Begin MonoManager ReloadAssembly
Native extension for WindowsStandalone target not found
Refreshing native plugins compatible for Editor in 0.70 ms, found 0 plugins.
Preloading 0 native plugins for Editor in 0.00 ms.
Invoked RoslynAnalysisRunner static constructor.
RoslynAnalysisRunner will not be running.
RoslynAnalysisRunner has terminated.
Mono: successfully reloaded assembly
- Completed reload, in  1.622 seconds
Platform modules already initialized, skipping
Refreshing native plugins compatible for Editor in 0.76 ms, found 0 plugins.
Preloading 0 native plugins for Editor in 0.00 ms.
Unloading 3266 Unused Serialized files (Serialized files now loaded: 0)
System memory in use before: 280.6 MB.
System memory in use after: 280.8 MB.

Unloading 6 unused Assets to reduce memory usage. Loaded Objects now: 4349.
Total: 3.856700 ms (FindLiveObjects: 0.608300 ms CreateObjectMapping: 0.334400 ms MarkObjects: 2.841600 ms  DeleteObjects: 0.070100 ms)

========================================================================
Received Import Request.
  Time since last request: 183.943678 seconds.
  path: Assets/Models/Boss.fbx
  artifactKey: Guid(0d5528bcde154ed488a1ba3674c7551f) Importer(815301076,1909f56bfc062723c751e8b465ee728b)
Start importing Assets/Models/Boss.fbx using Guid(0d5528bcde154ed488a1ba3674c7551f) Importer(815301076,1909f56bfc062723c751e8b465ee728b)  -> (artifact id: 'b48368ec9cedade46dee7f073504f20d') in 1.156770 seconds
  Import took 1.194168 seconds .

========================================================================
Received Import Request.
  Time since last request: 40.717195 seconds.
  path: Assets/Models/Boss.fbx
  artifactKey: Guid(0d5528bcde154ed488a1ba3674c7551f) Importer(815301076,1909f56bfc062723c751e8b465ee728b)
Start importing Assets/Models/Boss.fbx using Guid(0d5528bcde154ed488a1ba3674c7551f) Importer(815301076,1909f56bfc062723c751e8b465ee728b)  -> (artifact id: '6b8f0bf7be802060cdaccdb4b24462f5') in 0.357971 seconds
  Import took 0.442083 seconds .

========================================================================
Received Import Request.
  Time since last request: 178.081428 seconds.
  path: Assets/Models/Boss.fbx
  artifactKey: Guid(0d5528bcde154ed488a1ba3674c7551f) Importer(815301076,1909f56bfc062723c751e8b465ee728b)
Start importing Assets/Models/Boss.fbx using Guid(0d5528bcde154ed488a1ba3674c7551f) Importer(815301076,1909f56bfc062723c751e8b465ee728b)  -> (artifact id: 'e04862cf1c9c1ab65431e0394e2c9759') in 0.747453 seconds
  Import took 0.786035 seconds .

========================================================================
Received Prepare
Registering precompiled user dll's ...
Registered in 0.001519 seconds.
Begin MonoManager ReloadAssembly
Native extension for WindowsStandalone target not found
Refreshing native plugins compatible for Editor in 1.25 ms, found 0 plugins.
Preloading 0 native plugins for Editor in 0.00 ms.
Invoked RoslynAnalysisRunner static constructor.
RoslynAnalysisRunner will not be running.
RoslynAnalysisRunner has terminated.
Mono: successfully reloaded assembly
- Completed reload, in  1.419 seconds
Platform modules already initialized, skipping
Refreshing native plugins compatible for Editor in 0.84 ms, found 0 plugins.
Preloading 0 native plugins for Editor in 0.00 ms.
Unloading 3266 Unused Serialized files (Serialized files now loaded: 0)
System memory in use before: 281.6 MB.
System memory in use after: 281.8 MB.

Unloading 6 unused Assets to reduce memory usage. Loaded Objects now: 4453.
Total: 4.442600 ms (FindLiveObjects: 0.500800 ms CreateObjectMapping: 0.448700 ms MarkObjects: 3.408600 ms  DeleteObjects: 0.082500 ms)

========================================================================
Received Import Request.
  Time since last request: 208.974719 seconds.
  path: Assets/Models/Boss.fbx
  artifactKey: Guid(0d5528bcde154ed488a1ba3674c7551f) Importer(815301076,1909f56bfc062723c751e8b465ee728b)
Start importing Assets/Models/Boss.fbx using Guid(0d5528bcde154ed488a1ba3674c7551f) Importer(815301076,1909f56bfc062723c751e8b465ee728b)  -> (artifact id: '0c7b8cf2b07604127d94b072ef19c960') in 1.059457 seconds
  Import took 1.108679 seconds .

========================================================================
Received Import Request.
  Time since last request: 8.844152 seconds.
  path: Assets/Models/Boss.fbx
  artifactKey: Guid(0d5528bcde154ed488a1ba3674c7551f) Importer(815301076,1909f56bfc062723c751e8b465ee728b)
Start importing Assets/Models/Boss.fbx using Guid(0d5528bcde154ed488a1ba3674c7551f) Importer(815301076,1909f56bfc062723c751e8b465ee728b)  -> (artifact id: 'fb5a5382fb8d963082aaf686e55c956a') in 0.333558 seconds
  Import took 0.402166 seconds .

========================================================================
Received Import Request.
  Time since last request: 40.733273 seconds.
  path: Assets/Models/Boss.fbx
  artifactKey: Guid(0d5528bcde154ed488a1ba3674c7551f) Importer(815301076,1909f56bfc062723c751e8b465ee728b)
Start importing Assets/Models/Boss.fbx using Guid(0d5528bcde154ed488a1ba3674c7551f) Importer(815301076,1909f56bfc062723c751e8b465ee728b)  -> (artifact id: 'cf29836c40127c2d9923724b923d72fe') in 0.350086 seconds
  Import took 0.378273 seconds .

========================================================================
Received Import Request.
  Time since last request: 80.050597 seconds.
  path: Assets/Models/Boss.fbx
  artifactKey: Guid(0d5528bcde154ed488a1ba3674c7551f) Importer(815301076,1909f56bfc062723c751e8b465ee728b)
Start importing Assets/Models/Boss.fbx using Guid(0d5528bcde154ed488a1ba3674c7551f) Importer(815301076,1909f56bfc062723c751e8b465ee728b)  -> (artifact id: '463590060799fdd5850a5eb4cae4f582') in 0.349283 seconds
  Import took 0.378981 seconds .

========================================================================
Received Import Request.
  Time since last request: 10.797526 seconds.
  path: Assets/Models/Boss.fbx
  artifactKey: Guid(0d5528bcde154ed488a1ba3674c7551f) Importer(815301076,1909f56bfc062723c751e8b465ee728b)
Start importing Assets/Models/Boss.fbx using Guid(0d5528bcde154ed488a1ba3674c7551f) Importer(815301076,1909f56bfc062723c751e8b465ee728b)  -> (artifact id: '578f0578deb57eaae492e8ec9de75c54') in 0.338133 seconds
  Import took 0.370095 seconds .

========================================================================
Received Import Request.
  Time since last request: 16.057820 seconds.
  path: Assets/Models/Boss.fbx
  artifactKey: Guid(0d5528bcde154ed488a1ba3674c7551f) Importer(815301076,1909f56bfc062723c751e8b465ee728b)
Start importing Assets/Models/Boss.fbx using Guid(0d5528bcde154ed488a1ba3674c7551f) Importer(815301076,1909f56bfc062723c751e8b465ee728b)  -> (artifact id: '8958c88734664ab2d8faa478ed4fbaa0') in 0.352292 seconds
  Import took 0.412230 seconds .

========================================================================
Received Import Request.
  Time since last request: 228.099721 seconds.
  path: Assets/Models/Boss.fbx
  artifactKey: Guid(0d5528bcde154ed488a1ba3674c7551f) Importer(815301076,1909f56bfc062723c751e8b465ee728b)
Start importing Assets/Models/Boss.fbx using Guid(0d5528bcde154ed488a1ba3674c7551f) Importer(815301076,1909f56bfc062723c751e8b465ee728b)  -> (artifact id: 'e595af8fd17007a3a4095c0005f54854') in 0.345043 seconds
  Import took 0.388310 seconds .

========================================================================
Received Import Request.
  Time since last request: 209.861311 seconds.
  path: Assets/Models/Boss.fbx
  artifactKey: Guid(0d5528bcde154ed488a1ba3674c7551f) Importer(815301076,1909f56bfc062723c751e8b465ee728b)
Start importing Assets/Models/Boss.fbx using Guid(0d5528bcde154ed488a1ba3674c7551f) Importer(815301076,1909f56bfc062723c751e8b465ee728b)  -> (artifact id: '70f06a7505823ba846670718c1786dd4') in 0.361913 seconds
  Import took 0.415378 seconds .

========================================================================
Received Prepare
Registering precompiled user dll's ...
Registered in 0.001459 seconds.
Begin MonoManager ReloadAssembly
Native extension for WindowsStandalone target not found
Refreshing native plugins compatible for Editor in 0.68 ms, found 0 plugins.
Preloading 0 native plugins for Editor in 0.00 ms.
Invoked RoslynAnalysisRunner static constructor.
RoslynAnalysisRunner will not be running.
RoslynAnalysisRunner has terminated.
Mono: successfully reloaded assembly
- Completed reload, in  1.310 seconds
Platform modules already initialized, skipping
Refreshing native plugins compatible for Editor in 0.72 ms, found 0 plugins.
Preloading 0 native plugins for Editor in 0.00 ms.
Unloading 3266 Unused Serialized files (Serialized files now loaded: 0)
System memory in use before: 282.4 MB.
System memory in use after: 282.7 MB.

Unloading 6 unused Assets to reduce memory usage. Loaded Objects now: 4557.
Total: 4.169700 ms (FindLiveObjects: 0.504200 ms CreateObjectMapping: 0.284700 ms MarkObjects: 3.294700 ms  DeleteObjects: 0.084800 ms)

========================================================================
Received Import Request.
  Time since last request: 165.914491 seconds.
  path: Assets/Models/Boss.fbx
  artifactKey: Guid(0d5528bcde154ed488a1ba3674c7551f) Importer(815301076,1909f56bfc062723c751e8b465ee728b)
Start importing Assets/Models/Boss.fbx using Guid(0d5528bcde154ed488a1ba3674c7551f) Importer(815301076,1909f56bfc062723c751e8b465ee728b)  -> (artifact id: '0c85c8fc5c49cf6d1fdf27c320cec001') in 0.990021 seconds
  Import took 1.001231 seconds .

========================================================================
Received Import Request.
  Time since last request: 60.025440 seconds.
  path: Assets/Models/Boss.fbx
  artifactKey: Guid(0d5528bcde154ed488a1ba3674c7551f) Importer(815301076,1909f56bfc062723c751e8b465ee728b)
Start importing Assets/Models/Boss.fbx using Guid(0d5528bcde154ed488a1ba3674c7551f) Importer(815301076,1909f56bfc062723c751e8b465ee728b)  -> (artifact id: '5276f77cd4f537f708231cf870276635') in 0.348552 seconds
  Import took 0.384505 seconds .

========================================================================
Received Import Request.
  Time since last request: 55.202792 seconds.
  path: Assets/Models/Boss.fbx
  artifactKey: Guid(0d5528bcde154ed488a1ba3674c7551f) Importer(815301076,1909f56bfc062723c751e8b465ee728b)
Start importing Assets/Models/Boss.fbx using Guid(0d5528bcde154ed488a1ba3674c7551f) Importer(815301076,1909f56bfc062723c751e8b465ee728b)  -> (artifact id: '18561a094fc671fbb6109733b14335a2') in 0.354325 seconds
  Import took 0.441717 seconds .

========================================================================
Received Import Request.
  Time since last request: 82.656623 seconds.
  path: Assets/Models/Boss.fbx
  artifactKey: Guid(0d5528bcde154ed488a1ba3674c7551f) Importer(815301076,1909f56bfc062723c751e8b465ee728b)
Start importing Assets/Models/Boss.fbx using Guid(0d5528bcde154ed488a1ba3674c7551f) Importer(815301076,1909f56bfc062723c751e8b465ee728b)  -> (artifact id: '163ac2083df24c960595849e4fca0a90') in 0.358405 seconds
  Import took 0.414687 seconds .

========================================================================
Received Import Request.
  Time since last request: 44.958237 seconds.
  path: Assets/Models/Boss.fbx
  artifactKey: Guid(0d5528bcde154ed488a1ba3674c7551f) Importer(815301076,1909f56bfc062723c751e8b465ee728b)
Start importing Assets/Models/Boss.fbx using Guid(0d5528bcde154ed488a1ba3674c7551f) Importer(815301076,1909f56bfc062723c751e8b465ee728b)  -> (artifact id: '590742ceba7c87feaecd524b432ab1c2') in 0.413909 seconds
  Import took 0.567142 seconds .

========================================================================
Received Import Request.
  Time since last request: 37.284098 seconds.
  path: Assets/Models/Boss.fbx
  artifactKey: Guid(0d5528bcde154ed488a1ba3674c7551f) Importer(815301076,1909f56bfc062723c751e8b465ee728b)
Start importing Assets/Models/Boss.fbx using Guid(0d5528bcde154ed488a1ba3674c7551f) Importer(815301076,1909f56bfc062723c751e8b465ee728b)  -> (artifact id: 'c5666a498f9a6a5ff7596847cfb74a55') in 0.388073 seconds
  Import took 0.426996 seconds .

========================================================================
Received Import Request.
  Time since last request: 0.167876 seconds.
  path: Assets/Animation/Enemies/Boss00/Boss00.controller
  artifactKey: Guid(a2c8e0da0d4c0a3459baa686d1e233d7) Importer(815301076,1909f56bfc062723c751e8b465ee728b)
Start importing Assets/Animation/Enemies/Boss00/Boss00.controller using Guid(a2c8e0da0d4c0a3459baa686d1e233d7) Importer(815301076,1909f56bfc062723c751e8b465ee728b)  -> (artifact id: '4763b7cd2dd9fa7c52f56e633c820f54') in 0.152792 seconds
  Import took 0.190046 seconds .

========================================================================
Received Prepare
Registering precompiled user dll's ...
Registered in 0.002157 seconds.
Begin MonoManager ReloadAssembly
Native extension for WindowsStandalone target not found
Refreshing native plugins compatible for Editor in 0.68 ms, found 0 plugins.
Preloading 0 native plugins for Editor in 0.00 ms.
Invoked RoslynAnalysisRunner static constructor.
RoslynAnalysisRunner will not be running.
RoslynAnalysisRunner has terminated.
Mono: successfully reloaded assembly
- Completed reload, in  1.492 seconds
Platform modules already initialized, skipping
Refreshing native plugins compatible for Editor in 2.11 ms, found 0 plugins.
Preloading 0 native plugins for Editor in 0.00 ms.
Unloading 3266 Unused Serialized files (Serialized files now loaded: 0)
System memory in use before: 283.6 MB.
System memory in use after: 283.8 MB.

Unloading 6 unused Assets to reduce memory usage. Loaded Objects now: 4661.
Total: 8.203400 ms (FindLiveObjects: 0.963900 ms CreateObjectMapping: 0.411900 ms MarkObjects: 6.744300 ms  DeleteObjects: 0.080300 ms)

========================================================================
Received Import Request.
  Time since last request: 565.588058 seconds.
  path: Assets/Models/Boss.fbx
  artifactKey: Guid(0d5528bcde154ed488a1ba3674c7551f) Importer(815301076,1909f56bfc062723c751e8b465ee728b)
Start importing Assets/Models/Boss.fbx using Guid(0d5528bcde154ed488a1ba3674c7551f) Importer(815301076,1909f56bfc062723c751e8b465ee728b)  -> (artifact id: '456c12862ce882bcd0bd4891d5ad9e16') in 1.091590 seconds
  Import took 1.131239 seconds .

========================================================================
Received Prepare
Registering precompiled user dll's ...
Registered in 0.001701 seconds.
Begin MonoManager ReloadAssembly
Native extension for WindowsStandalone target not found
Refreshing native plugins compatible for Editor in 0.77 ms, found 0 plugins.
Preloading 0 native plugins for Editor in 0.00 ms.
Invoked RoslynAnalysisRunner static constructor.
RoslynAnalysisRunner will not be running.
RoslynAnalysisRunner has terminated.
Mono: successfully reloaded assembly
- Completed reload, in  1.408 seconds
Platform modules already initialized, skipping
Refreshing native plugins compatible for Editor in 0.79 ms, found 0 plugins.
Preloading 0 native plugins for Editor in 0.00 ms.
Unloading 3266 Unused Serialized files (Serialized files now loaded: 0)
System memory in use before: 283.8 MB.
System memory in use after: 284.0 MB.

Unloading 6 unused Assets to reduce memory usage. Loaded Objects now: 4765.
Total: 4.181500 ms (FindLiveObjects: 0.578900 ms CreateObjectMapping: 0.356400 ms MarkObjects: 3.175000 ms  DeleteObjects: 0.070200 ms)

========================================================================
Received Import Request.
  Time since last request: 89.914710 seconds.
  path: Assets/Materials/Boss_00/TrailBoss2.mat
  artifactKey: Guid(56f657abf9cf39b459d428b1284094cf) Importer(815301076,1909f56bfc062723c751e8b465ee728b)
Start importing Assets/Materials/Boss_00/TrailBoss2.mat using Guid(56f657abf9cf39b459d428b1284094cf) Importer(815301076,1909f56bfc062723c751e8b465ee728b)  -> (artifact id: '9d80d8337d7cc630023dcd39b203bfec') in 1.086265 seconds
  Import took 1.107932 seconds .

========================================================================
Received Prepare
Registering precompiled user dll's ...
Registered in 0.001929 seconds.
Begin MonoManager ReloadAssembly
Native extension for WindowsStandalone target not found
Refreshing native plugins compatible for Editor in 0.78 ms, found 0 plugins.
Preloading 0 native plugins for Editor in 0.00 ms.
Invoked RoslynAnalysisRunner static constructor.
RoslynAnalysisRunner will not be running.
RoslynAnalysisRunner has terminated.
Mono: successfully reloaded assembly
- Completed reload, in  1.605 seconds
Platform modules already initialized, skipping
Refreshing native plugins compatible for Editor in 0.74 ms, found 0 plugins.
Preloading 0 native plugins for Editor in 0.00 ms.
Unloading 3266 Unused Serialized files (Serialized files now loaded: 0)
System memory in use before: 284.1 MB.
System memory in use after: 284.4 MB.

Unloading 7 unused Assets to reduce memory usage. Loaded Objects now: 4869.
Total: 4.582300 ms (FindLiveObjects: 0.603700 ms CreateObjectMapping: 0.307800 ms MarkObjects: 3.568600 ms  DeleteObjects: 0.100800 ms)

========================================================================
Received Prepare
Registering precompiled user dll's ...
Registered in 0.001633 seconds.
Begin MonoManager ReloadAssembly
Native extension for WindowsStandalone target not found
Refreshing native plugins compatible for Editor in 0.95 ms, found 0 plugins.
Preloading 0 native plugins for Editor in 0.00 ms.
Invoked RoslynAnalysisRunner static constructor.
RoslynAnalysisRunner will not be running.
RoslynAnalysisRunner has terminated.
Mono: successfully reloaded assembly
- Completed reload, in  2.257 seconds
Platform modules already initialized, skipping
Refreshing native plugins compatible for Editor in 0.71 ms, found 0 plugins.
Preloading 0 native plugins for Editor in 0.00 ms.
Unloading 3266 Unused Serialized files (Serialized files now loaded: 0)
System memory in use before: 284.1 MB.
System memory in use after: 284.4 MB.

Unloading 6 unused Assets to reduce memory usage. Loaded Objects now: 4871.
Total: 12.028800 ms (FindLiveObjects: 3.102900 ms CreateObjectMapping: 0.471600 ms MarkObjects: 8.366400 ms  DeleteObjects: 0.085900 ms)

========================================================================
Received Prepare
Registering precompiled user dll's ...
Registered in 0.001605 seconds.
Begin MonoManager ReloadAssembly
Native extension for WindowsStandalone target not found
Refreshing native plugins compatible for Editor in 0.90 ms, found 0 plugins.
Preloading 0 native plugins for Editor in 0.00 ms.
Invoked RoslynAnalysisRunner static constructor.
RoslynAnalysisRunner will not be running.
RoslynAnalysisRunner has terminated.
Mono: successfully reloaded assembly
- Completed reload, in  1.657 seconds
Platform modules already initialized, skipping
Refreshing native plugins compatible for Editor in 0.78 ms, found 0 plugins.
Preloading 0 native plugins for Editor in 0.00 ms.
Unloading 3266 Unused Serialized files (Serialized files now loaded: 0)
System memory in use before: 284.1 MB.
System memory in use after: 284.4 MB.

Unloading 6 unused Assets to reduce memory usage. Loaded Objects now: 4873.
Total: 5.821400 ms (FindLiveObjects: 0.544400 ms CreateObjectMapping: 0.254400 ms MarkObjects: 4.935400 ms  DeleteObjects: 0.084900 ms)

========================================================================
Received Import Request.
  Time since last request: 304.053948 seconds.
  path: Assets/Models/Boss.fbx
  artifactKey: Guid(0d5528bcde154ed488a1ba3674c7551f) Importer(815301076,1909f56bfc062723c751e8b465ee728b)
Start importing Assets/Models/Boss.fbx using Guid(0d5528bcde154ed488a1ba3674c7551f) Importer(815301076,1909f56bfc062723c751e8b465ee728b)  -> (artifact id: '377c3114de3c5b501432175818227ce5') in 1.088289 seconds
  Import took 1.206770 seconds .

========================================================================
Received Import Request.
  Time since last request: 2.236281 seconds.
  path: Assets/Models/Boss.fbx
  artifactKey: Guid(0d5528bcde154ed488a1ba3674c7551f) Importer(815301076,1909f56bfc062723c751e8b465ee728b)
Start importing Assets/Models/Boss.fbx using Guid(0d5528bcde154ed488a1ba3674c7551f) Importer(815301076,1909f56bfc062723c751e8b465ee728b)  -> (artifact id: '377c3114de3c5b501432175818227ce5') in 0.391202 seconds
  Import took 0.402443 seconds .

========================================================================
Received Prepare
Registering precompiled user dll's ...
Registered in 0.001670 seconds.
Begin MonoManager ReloadAssembly
Native extension for WindowsStandalone target not found
Refreshing native plugins compatible for Editor in 0.68 ms, found 0 plugins.
Preloading 0 native plugins for Editor in 0.00 ms.
Invoked RoslynAnalysisRunner static constructor.
RoslynAnalysisRunner will not be running.
RoslynAnalysisRunner has terminated.
Mono: successfully reloaded assembly
- Completed reload, in  1.467 seconds
Platform modules already initialized, skipping
Refreshing native plugins compatible for Editor in 1.36 ms, found 0 plugins.
Preloading 0 native plugins for Editor in 0.00 ms.
Unloading 3266 Unused Serialized files (Serialized files now loaded: 0)
System memory in use before: 284.7 MB.
System memory in use after: 284.9 MB.

Unloading 6 unused Assets to reduce memory usage. Loaded Objects now: 4977.
Total: 10.224500 ms (FindLiveObjects: 1.322000 ms CreateObjectMapping: 0.464400 ms MarkObjects: 8.130800 ms  DeleteObjects: 0.304200 ms)

========================================================================
Received Import Request.
  Time since last request: 43.756985 seconds.
  path: Assets/Models/Boss.fbx
  artifactKey: Guid(0d5528bcde154ed488a1ba3674c7551f) Importer(815301076,1909f56bfc062723c751e8b465ee728b)
Start importing Assets/Models/Boss.fbx using Guid(0d5528bcde154ed488a1ba3674c7551f) Importer(815301076,1909f56bfc062723c751e8b465ee728b)  -> (artifact id: 'f7564b40d7ccd9f581ac9a13ab846b62') in 1.368632 seconds
  Import took 1.414236 seconds .

========================================================================
Received Prepare
Registering precompiled user dll's ...
Registered in 0.002228 seconds.
Begin MonoManager ReloadAssembly
Native extension for WindowsStandalone target not found
Refreshing native plugins compatible for Editor in 0.78 ms, found 0 plugins.
Preloading 0 native plugins for Editor in 0.00 ms.
Invoked RoslynAnalysisRunner static constructor.
RoslynAnalysisRunner will not be running.
RoslynAnalysisRunner has terminated.
Mono: successfully reloaded assembly
- Completed reload, in  1.523 seconds
Platform modules already initialized, skipping
Refreshing native plugins compatible for Editor in 0.79 ms, found 0 plugins.
Preloading 0 native plugins for Editor in 0.00 ms.
Unloading 3266 Unused Serialized files (Serialized files now loaded: 0)
System memory in use before: 285.0 MB.
System memory in use after: 285.3 MB.

Unloading 6 unused Assets to reduce memory usage. Loaded Objects now: 5081.
Total: 4.295200 ms (FindLiveObjects: 0.500400 ms CreateObjectMapping: 0.226000 ms MarkObjects: 3.500000 ms  DeleteObjects: 0.067800 ms)

========================================================================
Received Import Request.
  Time since last request: 160.588673 seconds.
  path: Assets/Models/Boss.fbx
  artifactKey: Guid(0d5528bcde154ed488a1ba3674c7551f) Importer(815301076,1909f56bfc062723c751e8b465ee728b)
Start importing Assets/Models/Boss.fbx using Guid(0d5528bcde154ed488a1ba3674c7551f) Importer(815301076,1909f56bfc062723c751e8b465ee728b)  -> (artifact id: 'a8d75599b7afcdd18dc91c066977e950') in 1.059356 seconds
  Import took 1.188471 seconds .

========================================================================
Received Prepare
Registering precompiled user dll's ...
Registered in 0.001983 seconds.
Begin MonoManager ReloadAssembly
Native extension for WindowsStandalone target not found
Refreshing native plugins compatible for Editor in 0.73 ms, found 0 plugins.
Preloading 0 native plugins for Editor in 0.00 ms.
Invoked RoslynAnalysisRunner static constructor.
RoslynAnalysisRunner will not be running.
RoslynAnalysisRunner has terminated.
Mono: successfully reloaded assembly
- Completed reload, in  1.977 seconds
Platform modules already initialized, skipping
Refreshing native plugins compatible for Editor in 1.01 ms, found 0 plugins.
Preloading 0 native plugins for Editor in 0.00 ms.
Unloading 3266 Unused Serialized files (Serialized files now loaded: 0)
System memory in use before: 285.3 MB.
System memory in use after: 285.6 MB.

Unloading 6 unused Assets to reduce memory usage. Loaded Objects now: 5185.
Total: 9.975600 ms (FindLiveObjects: 0.916100 ms CreateObjectMapping: 0.472500 ms MarkObjects: 8.470100 ms  DeleteObjects: 0.114700 ms)

========================================================================
Received Prepare
Registering precompiled user dll's ...
Registered in 0.002315 seconds.
Begin MonoManager ReloadAssembly
Native extension for WindowsStandalone target not found
Refreshing native plugins compatible for Editor in 0.81 ms, found 0 plugins.
Preloading 0 native plugins for Editor in 0.00 ms.
Invoked RoslynAnalysisRunner static constructor.
RoslynAnalysisRunner will not be running.
RoslynAnalysisRunner has terminated.
Mono: successfully reloaded assembly
- Completed reload, in  1.884 seconds
Platform modules already initialized, skipping
Refreshing native plugins compatible for Editor in 1.36 ms, found 0 plugins.
Preloading 0 native plugins for Editor in 0.00 ms.
Unloading 3266 Unused Serialized files (Serialized files now loaded: 0)
System memory in use before: 285.2 MB.
System memory in use after: 285.4 MB.

Unloading 6 unused Assets to reduce memory usage. Loaded Objects now: 5187.
Total: 9.831900 ms (FindLiveObjects: 0.882100 ms CreateObjectMapping: 1.051900 ms MarkObjects: 7.691900 ms  DeleteObjects: 0.201700 ms)

========================================================================
Received Prepare
Registering precompiled user dll's ...
Registered in 0.002258 seconds.
Begin MonoManager ReloadAssembly
Native extension for WindowsStandalone target not found
Refreshing native plugins compatible for Editor in 0.92 ms, found 0 plugins.
Preloading 0 native plugins for Editor in 0.00 ms.
Invoked RoslynAnalysisRunner static constructor.
RoslynAnalysisRunner will not be running.
RoslynAnalysisRunner has terminated.
Mono: successfully reloaded assembly
- Completed reload, in  1.981 seconds
Platform modules already initialized, skipping
Refreshing native plugins compatible for Editor in 0.82 ms, found 0 plugins.
Preloading 0 native plugins for Editor in 0.00 ms.
Unloading 3266 Unused Serialized files (Serialized files now loaded: 0)
System memory in use before: 285.2 MB.
System memory in use after: 285.4 MB.

Unloading 6 unused Assets to reduce memory usage. Loaded Objects now: 5189.
Total: 5.305800 ms (FindLiveObjects: 0.864100 ms CreateObjectMapping: 0.305900 ms MarkObjects: 4.044500 ms  DeleteObjects: 0.088800 ms)

========================================================================
Received Prepare
Registering precompiled user dll's ...
Registered in 0.001609 seconds.
Begin MonoManager ReloadAssembly
Native extension for WindowsStandalone target not found
Refreshing native plugins compatible for Editor in 0.75 ms, found 0 plugins.
Preloading 0 native plugins for Editor in 0.00 ms.
Invoked RoslynAnalysisRunner static constructor.
RoslynAnalysisRunner will not be running.
RoslynAnalysisRunner has terminated.
Mono: successfully reloaded assembly
- Completed reload, in  1.648 seconds
Platform modules already initialized, skipping
Refreshing native plugins compatible for Editor in 1.27 ms, found 0 plugins.
Preloading 0 native plugins for Editor in 0.00 ms.
Unloading 3266 Unused Serialized files (Serialized files now loaded: 0)
System memory in use before: 285.2 MB.
System memory in use after: 285.4 MB.

Unloading 6 unused Assets to reduce memory usage. Loaded Objects now: 5191.
Total: 9.219200 ms (FindLiveObjects: 0.834900 ms CreateObjectMapping: 0.483300 ms MarkObjects: 7.777500 ms  DeleteObjects: 0.121100 ms)

========================================================================
Received Prepare
Registering precompiled user dll's ...
Registered in 0.001513 seconds.
Begin MonoManager ReloadAssembly
Native extension for WindowsStandalone target not found
Refreshing native plugins compatible for Editor in 0.86 ms, found 0 plugins.
Preloading 0 native plugins for Editor in 0.00 ms.
Invoked RoslynAnalysisRunner static constructor.
RoslynAnalysisRunner will not be running.
RoslynAnalysisRunner has terminated.
Mono: successfully reloaded assembly
- Completed reload, in  1.313 seconds
Platform modules already initialized, skipping
Refreshing native plugins compatible for Editor in 0.71 ms, found 0 plugins.
Preloading 0 native plugins for Editor in 0.00 ms.
Unloading 3266 Unused Serialized files (Serialized files now loaded: 0)
System memory in use before: 285.2 MB.
System memory in use after: 285.4 MB.

Unloading 6 unused Assets to reduce memory usage. Loaded Objects now: 5193.
Total: 6.959800 ms (FindLiveObjects: 0.694000 ms CreateObjectMapping: 0.322800 ms MarkObjects: 5.739900 ms  DeleteObjects: 0.201600 ms)

========================================================================
Received Import Request.
  Time since last request: 1720.434543 seconds.
  path: Assets/Materials/Boss_00/TrailBoss.mat
  artifactKey: Guid(568083d37cab5a748b2a67c2ec31118a) Importer(815301076,1909f56bfc062723c751e8b465ee728b)
Start importing Assets/Materials/Boss_00/TrailBoss.mat using Guid(568083d37cab5a748b2a67c2ec31118a) Importer(815301076,1909f56bfc062723c751e8b465ee728b)  -> (artifact id: '7b03cb048f44b7ca85fe76c5e7405f48') in 1.056547 seconds
  Import took 1.129537 seconds .

========================================================================
Received Import Request.
  Time since last request: 0.000370 seconds.
  path: Assets/Materials/Boss_00/Helmet.mat
  artifactKey: Guid(309583c56412cd24da81c17e3e8c9097) Importer(815301076,1909f56bfc062723c751e8b465ee728b)
Start importing Assets/Materials/Boss_00/Helmet.mat using Guid(309583c56412cd24da81c17e3e8c9097) Importer(815301076,1909f56bfc062723c751e8b465ee728b)  -> (artifact id: 'd9f6b3aa983162069bfa7cdbda541d6a') in 0.296613 seconds
  Import took 0.353298 seconds .

========================================================================
Received Import Request.
  Time since last request: 0.000396 seconds.
  path: Assets/Materials/Boss_00/Arm.mat
  artifactKey: Guid(b05a9a3d8173a2a48a3b4f56d6166f80) Importer(815301076,1909f56bfc062723c751e8b465ee728b)
Start importing Assets/Materials/Boss_00/Arm.mat using Guid(b05a9a3d8173a2a48a3b4f56d6166f80) Importer(815301076,1909f56bfc062723c751e8b465ee728b)  -> (artifact id: '3549de02f751bd52e4f8f3e4c1b74a48') in 0.195011 seconds
  Import took 0.230194 seconds .

========================================================================
Received Import Request.
  Time since last request: 0.000336 seconds.
  path: Assets/Materials/Boss_00/Bottom.mat
  artifactKey: Guid(b8ea8a7ea9162ba4393206668c05878c) Importer(815301076,1909f56bfc062723c751e8b465ee728b)
Start importing Assets/Materials/Boss_00/Bottom.mat using Guid(b8ea8a7ea9162ba4393206668c05878c) Importer(815301076,1909f56bfc062723c751e8b465ee728b)  -> (artifact id: 'a46c6d166f323baba8bc261d67aeb1a1') in 0.137921 seconds
  Import took 0.156635 seconds .

========================================================================
Received Import Request.
  Time since last request: 0.000359 seconds.
  path: Assets/Materials/Boss_00/Top.mat
  artifactKey: Guid(5d3705a3fa91dd6439c568aeaa1dd8b1) Importer(815301076,1909f56bfc062723c751e8b465ee728b)
Start importing Assets/Materials/Boss_00/Top.mat using Guid(5d3705a3fa91dd6439c568aeaa1dd8b1) Importer(815301076,1909f56bfc062723c751e8b465ee728b)  -> (artifact id: '091f497b89af788ef90d708f97b5d355') in 0.089256 seconds
  Import took 0.130830 seconds .

========================================================================
Received Prepare
Registering precompiled user dll's ...
Registered in 0.001680 seconds.
Begin MonoManager ReloadAssembly
Native extension for WindowsStandalone target not found
Refreshing native plugins compatible for Editor in 1.46 ms, found 0 plugins.
Preloading 0 native plugins for Editor in 0.00 ms.
Invoked RoslynAnalysisRunner static constructor.
RoslynAnalysisRunner will not be running.
RoslynAnalysisRunner has terminated.
Mono: successfully reloaded assembly
- Completed reload, in  1.422 seconds
Platform modules already initialized, skipping
Refreshing native plugins compatible for Editor in 0.73 ms, found 0 plugins.
Preloading 0 native plugins for Editor in 0.00 ms.
Unloading 3266 Unused Serialized files (Serialized files now loaded: 0)
System memory in use before: 285.7 MB.
System memory in use after: 286.0 MB.

Unloading 6 unused Assets to reduce memory usage. Loaded Objects now: 5297.
Total: 6.413300 ms (FindLiveObjects: 0.654600 ms CreateObjectMapping: 0.226400 ms MarkObjects: 5.434300 ms  DeleteObjects: 0.096200 ms)

========================================================================
Received Import Request.
  Time since last request: 181.543810 seconds.
  path: Assets/Materials/Boss_00/Helmet.mat
  artifactKey: Guid(309583c56412cd24da81c17e3e8c9097) Importer(815301076,1909f56bfc062723c751e8b465ee728b)
Start importing Assets/Materials/Boss_00/Helmet.mat using Guid(309583c56412cd24da81c17e3e8c9097) Importer(815301076,1909f56bfc062723c751e8b465ee728b)  -> (artifact id: '141d8a74bcde043d9adb49049c8395cc') in 0.681963 seconds
  Import took 0.798188 seconds .

========================================================================
Received Import Request.
  Time since last request: 0.000311 seconds.
  path: Assets/Materials/Boss_00/Bottom.mat
  artifactKey: Guid(b8ea8a7ea9162ba4393206668c05878c) Importer(815301076,1909f56bfc062723c751e8b465ee728b)
Start importing Assets/Materials/Boss_00/Bottom.mat using Guid(b8ea8a7ea9162ba4393206668c05878c) Importer(815301076,1909f56bfc062723c751e8b465ee728b)  -> (artifact id: 'cccb5b32327e96ddfebb720f14c2e1f8') in 0.035859 seconds
  Import took 0.075732 seconds .

========================================================================
Received Import Request.
  Time since last request: 0.000348 seconds.
  path: Assets/Materials/Boss_00/Top.mat
  artifactKey: Guid(5d3705a3fa91dd6439c568aeaa1dd8b1) Importer(815301076,1909f56bfc062723c751e8b465ee728b)
Start importing Assets/Materials/Boss_00/Top.mat using Guid(5d3705a3fa91dd6439c568aeaa1dd8b1) Importer(815301076,1909f56bfc062723c751e8b465ee728b)  -> (artifact id: '553883dafc872ad54b7f2cdc26be5997') in 0.029865 seconds
  Import took 0.063823 seconds .

========================================================================
Received Prepare
Registering precompiled user dll's ...
Registered in 0.003897 seconds.
Begin MonoManager ReloadAssembly
Native extension for WindowsStandalone target not found
Refreshing native plugins compatible for Editor in 0.86 ms, found 0 plugins.
Preloading 0 native plugins for Editor in 0.00 ms.
Invoked RoslynAnalysisRunner static constructor.
RoslynAnalysisRunner will not be running.
RoslynAnalysisRunner has terminated.
Mono: successfully reloaded assembly
- Completed reload, in  1.974 seconds
Platform modules already initialized, skipping
Refreshing native plugins compatible for Editor in 0.75 ms, found 0 plugins.
Preloading 0 native plugins for Editor in 0.00 ms.
Unloading 3266 Unused Serialized files (Serialized files now loaded: 0)
System memory in use before: 286.0 MB.
System memory in use after: 286.3 MB.

Unloading 6 unused Assets to reduce memory usage. Loaded Objects now: 5401.
Total: 5.194700 ms (FindLiveObjects: 0.677400 ms CreateObjectMapping: 0.245600 ms MarkObjects: 4.170800 ms  DeleteObjects: 0.099100 ms)

========================================================================
Received Import Request.
  Time since last request: 326.311061 seconds.
  path: Assets/EffectExamples/Misc Effects/Prefabs/ParticlesLight.prefab
  artifactKey: Guid(61a6b3a108030e54ba372fe7097916d0) Importer(815301076,1909f56bfc062723c751e8b465ee728b)
Start importing Assets/EffectExamples/Misc Effects/Prefabs/ParticlesLight.prefab using Guid(61a6b3a108030e54ba372fe7097916d0) Importer(815301076,1909f56bfc062723c751e8b465ee728b)  -> (artifact id: '93bfd254171b3a7fec956a2b2867ee91') in 0.067338 seconds
  Import took 0.105896 seconds .

AssetImportWorkerClient::OnTransportError - code=2 error=End of file
